SF:/home/quinten/Documents/Software_Development/muster/src/agent/instance.rs
FN:164,_RNvMNtNtCs3bOdyUEi4qt_6muster5agent8instanceNtB2_5Agent10age_string
FN:151,_RNvMNtNtCs3bOdyUEi4qt_6muster5agent8instanceNtB2_5Agent10set_status
FN:74,_RNvMNtNtCs3bOdyUEi4qt_6muster5agent8instanceNtB2_5Agent3new
FN:134,_RNvMNtNtCs3bOdyUEi4qt_6muster5agent8instanceNtB2_5Agent7is_root
FN:180,_RNvMNtNtCs3bOdyUEi4qt_6muster5agent8instanceNtB2_5Agent7summary
FN:158,_RNvMNtNtCs3bOdyUEi4qt_6muster5agent8instanceNtB2_5Agent8is_alive
FN:140,_RNvMNtNtCs3bOdyUEi4qt_6muster5agent8instanceNtB2_5Agent8is_child
FN:146,_RNvMNtNtCs3bOdyUEi4qt_6muster5agent8instanceNtB2_5Agent8short_id
FN:104,_RNvMNtNtCs3bOdyUEi4qt_6muster5agent8instanceNtB2_5Agent9new_child
FN:56,_RNvNtNtCs3bOdyUEi4qt_6muster5agent8instance17default_collapsed
FN:241,_RNCNvNtNtNtCs5Hx9zLFZsDi_6muster5agent8instance5testss_13test_short_id0B9_
FN:164,_RNvMNtNtCs5Hx9zLFZsDi_6muster5agent8instanceNtB2_5Agent10age_string
FN:151,_RNvMNtNtCs5Hx9zLFZsDi_6muster5agent8instanceNtB2_5Agent10set_status
FN:74,_RNvMNtNtCs5Hx9zLFZsDi_6muster5agent8instanceNtB2_5Agent3new
FN:134,_RNvMNtNtCs5Hx9zLFZsDi_6muster5agent8instanceNtB2_5Agent7is_root
FN:180,_RNvMNtNtCs5Hx9zLFZsDi_6muster5agent8instanceNtB2_5Agent7summary
FN:158,_RNvMNtNtCs5Hx9zLFZsDi_6muster5agent8instanceNtB2_5Agent8is_alive
FN:140,_RNvMNtNtCs5Hx9zLFZsDi_6muster5agent8instanceNtB2_5Agent8is_child
FN:146,_RNvMNtNtCs5Hx9zLFZsDi_6muster5agent8instanceNtB2_5Agent8short_id
FN:104,_RNvMNtNtCs5Hx9zLFZsDi_6muster5agent8instanceNtB2_5Agent9new_child
FN:56,_RNvNtNtCs5Hx9zLFZsDi_6muster5agent8instance17default_collapsed
FN:197,_RNvNtNtNtCs5Hx9zLFZsDi_6muster5agent8instance5tests17create_test_agent
FN:282,_RNvNtNtNtCs5Hx9zLFZsDi_6muster5agent8instance5testss_12test_summary
FN:258,_RNvNtNtNtCs5Hx9zLFZsDi_6muster5agent8instance5testss_13test_is_alive
FN:236,_RNvNtNtNtCs5Hx9zLFZsDi_6muster5agent8instance5testss_13test_short_id
FN:208,_RNvNtNtNtCs5Hx9zLFZsDi_6muster5agent8instance5testss_14test_new_agent
FN:274,_RNvNtNtNtCs5Hx9zLFZsDi_6muster5agent8instance5testss_15test_age_string
FN:245,_RNvNtNtNtCs5Hx9zLFZsDi_6muster5agent8instance5testss_15test_set_status
FN:306,_RNvNtNtNtCs5Hx9zLFZsDi_6muster5agent8instance5testss_15test_unique_ids
FN:325,_RNvNtNtNtCs5Hx9zLFZsDi_6muster5agent8instance5testss_20test_new_child_agent
FN:292,_RNvNtNtNtCs5Hx9zLFZsDi_6muster5agent8instance5testss_20test_serde_roundtrip
FN:220,_RNvNtNtNtCs5Hx9zLFZsDi_6muster5agent8instance5testss_22test_agent_with_prompt
FN:315,_RNvNtNtNtCs5Hx9zLFZsDi_6muster5agent8instance5testss_22test_new_agent_is_root
FN:374,_RNvNtNtNtCs5Hx9zLFZsDi_6muster5agent8instance5testss_34test_serde_backwards_compatibility
FN:349,_RNvNtNtNtCs5Hx9zLFZsDi_6muster5agent8instance5testss_35test_serde_roundtrip_with_hierarchy
FNDA:127,_RNvMNtNtCs3bOdyUEi4qt_6muster5agent8instanceNtB2_5Agent10age_string
FNDA:144,_RNvMNtNtCs3bOdyUEi4qt_6muster5agent8instanceNtB2_5Agent10set_status
FNDA:155,_RNvMNtNtCs3bOdyUEi4qt_6muster5agent8instanceNtB2_5Agent3new
FNDA:125,_RNvMNtNtCs3bOdyUEi4qt_6muster5agent8instanceNtB2_5Agent7is_root
FNDA:0,_RNvMNtNtCs3bOdyUEi4qt_6muster5agent8instanceNtB2_5Agent7summary
FNDA:0,_RNvMNtNtCs3bOdyUEi4qt_6muster5agent8instanceNtB2_5Agent8is_alive
FNDA:0,_RNvMNtNtCs3bOdyUEi4qt_6muster5agent8instanceNtB2_5Agent8is_child
FNDA:2,_RNvMNtNtCs3bOdyUEi4qt_6muster5agent8instanceNtB2_5Agent8short_id
FNDA:0,_RNvMNtNtCs3bOdyUEi4qt_6muster5agent8instanceNtB2_5Agent9new_child
FNDA:0,_RNvNtNtCs3bOdyUEi4qt_6muster5agent8instance17default_collapsed
FNDA:8,_RNCNvNtNtNtCs5Hx9zLFZsDi_6muster5agent8instance5testss_13test_short_id0B9_
FNDA:2,_RNvMNtNtCs5Hx9zLFZsDi_6muster5agent8instanceNtB2_5Agent10age_string
FNDA:26,_RNvMNtNtCs5Hx9zLFZsDi_6muster5agent8instanceNtB2_5Agent10set_status
FNDA:89,_RNvMNtNtCs5Hx9zLFZsDi_6muster5agent8instanceNtB2_5Agent3new
FNDA:74,_RNvMNtNtCs5Hx9zLFZsDi_6muster5agent8instanceNtB2_5Agent7is_root
FNDA:1,_RNvMNtNtCs5Hx9zLFZsDi_6muster5agent8instanceNtB2_5Agent7summary
FNDA:6,_RNvMNtNtCs5Hx9zLFZsDi_6muster5agent8instanceNtB2_5Agent8is_alive
FNDA:2,_RNvMNtNtCs5Hx9zLFZsDi_6muster5agent8instanceNtB2_5Agent8is_child
FNDA:3,_RNvMNtNtCs5Hx9zLFZsDi_6muster5agent8instanceNtB2_5Agent8short_id
FNDA:25,_RNvMNtNtCs5Hx9zLFZsDi_6muster5agent8instanceNtB2_5Agent9new_child
FNDA:1,_RNvNtNtCs5Hx9zLFZsDi_6muster5agent8instance17default_collapsed
FNDA:12,_RNvNtNtNtCs5Hx9zLFZsDi_6muster5agent8instance5tests17create_test_agent
FNDA:1,_RNvNtNtNtCs5Hx9zLFZsDi_6muster5agent8instance5testss_12test_summary
FNDA:1,_RNvNtNtNtCs5Hx9zLFZsDi_6muster5agent8instance5testss_13test_is_alive
FNDA:1,_RNvNtNtNtCs5Hx9zLFZsDi_6muster5agent8instance5testss_13test_short_id
FNDA:1,_RNvNtNtNtCs5Hx9zLFZsDi_6muster5agent8instance5testss_14test_new_agent
FNDA:1,_RNvNtNtNtCs5Hx9zLFZsDi_6muster5agent8instance5testss_15test_age_string
FNDA:1,_RNvNtNtNtCs5Hx9zLFZsDi_6muster5agent8instance5testss_15test_set_status
FNDA:1,_RNvNtNtNtCs5Hx9zLFZsDi_6muster5agent8instance5testss_15test_unique_ids
FNDA:1,_RNvNtNtNtCs5Hx9zLFZsDi_6muster5agent8instance5testss_20test_new_child_agent
FNDA:1,_RNvNtNtNtCs5Hx9zLFZsDi_6muster5agent8instance5testss_20test_serde_roundtrip
FNDA:1,_RNvNtNtNtCs5Hx9zLFZsDi_6muster5agent8instance5testss_22test_agent_with_prompt
FNDA:1,_RNvNtNtNtCs5Hx9zLFZsDi_6muster5agent8instance5testss_22test_new_agent_is_root
FNDA:1,_RNvNtNtNtCs5Hx9zLFZsDi_6muster5agent8instance5testss_34test_serde_backwards_compatibility
FNDA:1,_RNvNtNtNtCs5Hx9zLFZsDi_6muster5agent8instance5testss_35test_serde_roundtrip_with_hierarchy
FNF:25
FNH:25
DA:56,1
DA:57,1
DA:58,1
DA:74,244
DA:75,244
DA:76,244
DA:77,244
DA:78,244
DA:79,244
DA:80,244
DA:81,244
DA:82,244
DA:83,244
DA:85,244
DA:86,244
DA:87,244
DA:88,244
DA:89,244
DA:90,244
DA:91,244
DA:92,244
DA:93,244
DA:94,244
DA:95,244
DA:96,244
DA:97,244
DA:98,244
DA:99,244
DA:100,244
DA:104,25
DA:105,25
DA:106,25
DA:107,25
DA:108,25
DA:109,25
DA:110,25
DA:111,25
DA:112,25
DA:113,25
DA:115,25
DA:116,25
DA:117,25
DA:118,25
DA:119,25
DA:120,25
DA:121,25
DA:122,25
DA:123,25
DA:124,25
DA:125,25
DA:126,25
DA:127,25
DA:128,25
DA:129,25
DA:130,25
DA:134,199
DA:135,199
DA:136,199
DA:140,2
DA:141,2
DA:142,2
DA:146,5
DA:147,5
DA:148,5
DA:151,170
DA:152,170
DA:153,170
DA:154,170
DA:158,6
DA:159,6
DA:160,6
DA:164,129
DA:165,129
DA:167,129
DA:168,0
DA:169,129
DA:170,0
DA:171,129
DA:172,0
DA:174,129
DA:176,129
DA:180,1
DA:181,1
DA:182,1
DA:183,1
DA:188,1
DA:197,12
DA:198,12
DA:199,12
DA:200,12
DA:201,12
DA:202,12
DA:203,12
DA:205,12
DA:208,1
DA:209,1
DA:211,1
DA:212,1
DA:213,1
DA:214,1
DA:215,1
DA:216,1
DA:217,1
DA:220,1
DA:221,1
DA:222,1
DA:223,1
DA:224,1
DA:225,1
DA:226,1
DA:229,1
DA:231,1
DA:233,1
DA:236,1
DA:237,1
DA:238,1
DA:240,1
DA:241,8
DA:242,1
DA:245,1
DA:246,1
DA:247,1
DA:249,1
DA:251,1
DA:253,1
DA:254,1
DA:255,1
DA:258,1
DA:259,1
DA:261,1
DA:263,1
DA:264,1
DA:266,1
DA:267,1
DA:269,1
DA:270,1
DA:271,1
DA:274,1
DA:275,1
DA:276,1
DA:278,1
DA:279,1
DA:282,1
DA:283,1
DA:284,1
DA:286,1
DA:287,1
DA:288,1
DA:289,1
DA:292,1
DA:293,1
DA:294,1
DA:295,1
DA:297,1
DA:298,1
DA:299,1
DA:300,1
DA:301,1
DA:302,1
DA:303,1
DA:306,1
DA:307,1
DA:308,1
DA:310,1
DA:311,1
DA:312,1
DA:315,1
DA:316,1
DA:317,1
DA:318,1
DA:319,1
DA:320,1
DA:321,1
DA:322,1
DA:325,1
DA:326,1
DA:327,1
DA:328,1
DA:329,1
DA:330,1
DA:331,1
DA:332,1
DA:333,1
DA:334,1
DA:335,1
DA:336,1
DA:337,1
DA:340,1
DA:341,1
DA:342,1
DA:343,1
DA:344,1
DA:345,1
DA:346,1
DA:349,1
DA:350,1
DA:351,1
DA:352,1
DA:353,1
DA:354,1
DA:355,1
DA:356,1
DA:357,1
DA:358,1
DA:359,1
DA:360,1
DA:361,1
DA:364,1
DA:365,1
DA:367,1
DA:368,1
DA:369,1
DA:370,1
DA:371,1
DA:374,1
DA:376,1
DA:377,1
DA:378,1
DA:379,1
DA:380,1
DA:381,1
DA:382,1
DA:383,1
DA:384,1
DA:385,1
DA:386,1
DA:387,1
DA:389,1
DA:390,1
DA:391,1
DA:392,1
DA:393,1
DA:394,1
BRF:0
BRH:0
LF:234
LH:231
end_of_record
SF:/home/quinten/Documents/Software_Development/muster/src/agent/status.rs
FN:30,_RNvMNtNtCs3bOdyUEi4qt_6muster5agent6statusNtB2_6Status10can_resume
FN:59,_RNvMNtNtCs3bOdyUEi4qt_6muster5agent6statusNtB2_6Status10color_name
FN:48,_RNvMNtNtCs3bOdyUEi4qt_6muster5agent6statusNtB2_6Status6symbol
FN:42,_RNvMNtNtCs3bOdyUEi4qt_6muster5agent6statusNtB2_6Status8can_kill
FN:36,_RNvMNtNtCs3bOdyUEi4qt_6muster5agent6statusNtB2_6Status9can_pause
FN:24,_RNvMNtNtCs3bOdyUEi4qt_6muster5agent6statusNtB2_6Status9is_active
FN:70,_RNvXs_NtNtCs3bOdyUEi4qt_6muster5agent6statusNtB4_6StatusNtNtCs4Vq2ZLagKfv_4core3fmt7Display3fmt
FN:30,_RNvMNtNtCs5Hx9zLFZsDi_6muster5agent6statusNtB2_6Status10can_resume
FN:59,_RNvMNtNtCs5Hx9zLFZsDi_6muster5agent6statusNtB2_6Status10color_name
FN:48,_RNvMNtNtCs5Hx9zLFZsDi_6muster5agent6statusNtB2_6Status6symbol
FN:42,_RNvMNtNtCs5Hx9zLFZsDi_6muster5agent6statusNtB2_6Status8can_kill
FN:36,_RNvMNtNtCs5Hx9zLFZsDi_6muster5agent6statusNtB2_6Status9can_pause
FN:24,_RNvMNtNtCs5Hx9zLFZsDi_6muster5agent6statusNtB2_6Status9is_active
FN:124,_RNvNtNtNtCs5Hx9zLFZsDi_6muster5agent6status5testss_11test_symbol
FN:140,_RNvNtNtNtCs5Hx9zLFZsDi_6muster5agent6status5testss_12test_display
FN:116,_RNvNtNtNtCs5Hx9zLFZsDi_6muster5agent6status5testss_13test_can_kill
FN:108,_RNvNtNtNtCs5Hx9zLFZsDi_6muster5agent6status5testss_14test_can_pause
FN:92,_RNvNtNtNtCs5Hx9zLFZsDi_6muster5agent6status5testss_14test_is_active
FN:100,_RNvNtNtNtCs5Hx9zLFZsDi_6muster5agent6status5testss_15test_can_resume
FN:132,_RNvNtNtNtCs5Hx9zLFZsDi_6muster5agent6status5testss_15test_color_name
FN:163,_RNvNtNtNtCs5Hx9zLFZsDi_6muster5agent6status5testss_17test_serde_format
FN:86,_RNvNtNtNtCs5Hx9zLFZsDi_6muster5agent6status5testss_19test_default_status
FN:148,_RNvNtNtNtCs5Hx9zLFZsDi_6muster5agent6status5testss_20test_serde_roundtrip
FN:70,_RNvXs_NtNtCs5Hx9zLFZsDi_6muster5agent6statusNtB4_6StatusNtNtCs4Vq2ZLagKfv_4core3fmt7Display3fmt
FNDA:5,_RNvMNtNtCs3bOdyUEi4qt_6muster5agent6statusNtB2_6Status10can_resume
FNDA:0,_RNvMNtNtCs3bOdyUEi4qt_6muster5agent6statusNtB2_6Status10color_name
FNDA:127,_RNvMNtNtCs3bOdyUEi4qt_6muster5agent6statusNtB2_6Status6symbol
FNDA:0,_RNvMNtNtCs3bOdyUEi4qt_6muster5agent6statusNtB2_6Status8can_kill
FNDA:5,_RNvMNtNtCs3bOdyUEi4qt_6muster5agent6statusNtB2_6Status9can_pause
FNDA:0,_RNvMNtNtCs3bOdyUEi4qt_6muster5agent6statusNtB2_6Status9is_active
FNDA:0,_RNvXs_NtNtCs3bOdyUEi4qt_6muster5agent6statusNtB4_6StatusNtNtCs4Vq2ZLagKfv_4core3fmt7Display3fmt
FNDA:6,_RNvMNtNtCs5Hx9zLFZsDi_6muster5agent6statusNtB2_6Status10can_resume
FNDA:4,_RNvMNtNtCs5Hx9zLFZsDi_6muster5agent6statusNtB2_6Status10color_name
FNDA:5,_RNvMNtNtCs5Hx9zLFZsDi_6muster5agent6statusNtB2_6Status6symbol
FNDA:4,_RNvMNtNtCs5Hx9zLFZsDi_6muster5agent6statusNtB2_6Status8can_kill
FNDA:6,_RNvMNtNtCs5Hx9zLFZsDi_6muster5agent6statusNtB2_6Status9can_pause
FNDA:4,_RNvMNtNtCs5Hx9zLFZsDi_6muster5agent6statusNtB2_6Status9is_active
FNDA:1,_RNvNtNtNtCs5Hx9zLFZsDi_6muster5agent6status5testss_11test_symbol
FNDA:1,_RNvNtNtNtCs5Hx9zLFZsDi_6muster5agent6status5testss_12test_display
FNDA:1,_RNvNtNtNtCs5Hx9zLFZsDi_6muster5agent6status5testss_13test_can_kill
FNDA:1,_RNvNtNtNtCs5Hx9zLFZsDi_6muster5agent6status5testss_14test_can_pause
FNDA:1,_RNvNtNtNtCs5Hx9zLFZsDi_6muster5agent6status5testss_14test_is_active
FNDA:1,_RNvNtNtNtCs5Hx9zLFZsDi_6muster5agent6status5testss_15test_can_resume
FNDA:1,_RNvNtNtNtCs5Hx9zLFZsDi_6muster5agent6status5testss_15test_color_name
FNDA:1,_RNvNtNtNtCs5Hx9zLFZsDi_6muster5agent6status5testss_17test_serde_format
FNDA:1,_RNvNtNtNtCs5Hx9zLFZsDi_6muster5agent6status5testss_19test_default_status
FNDA:1,_RNvNtNtNtCs5Hx9zLFZsDi_6muster5agent6status5testss_20test_serde_roundtrip
FNDA:5,_RNvXs_NtNtCs5Hx9zLFZsDi_6muster5agent6statusNtB4_6StatusNtNtCs4Vq2ZLagKfv_4core3fmt7Display3fmt
FNF:17
FNH:17
DA:24,4
DA:25,4
DA:26,4
DA:30,11
DA:31,11
DA:32,11
DA:36,11
DA:37,11
DA:38,11
DA:42,4
DA:43,4
DA:44,4
DA:48,132
DA:49,132
DA:50,23
DA:51,37
DA:52,36
DA:53,36
DA:55,132
DA:59,4
DA:60,4
DA:61,1
DA:62,1
DA:63,1
DA:64,1
DA:66,4
DA:70,5
DA:71,5
DA:72,2
DA:73,1
DA:74,1
DA:75,1
DA:77,5
DA:78,5
DA:86,1
DA:87,1
DA:88,1
DA:89,1
DA:92,1
DA:93,1
DA:94,1
DA:95,1
DA:96,1
DA:97,1
DA:100,1
DA:101,1
DA:102,1
DA:103,1
DA:104,1
DA:105,1
DA:108,1
DA:109,1
DA:110,1
DA:111,1
DA:112,1
DA:113,1
DA:116,1
DA:117,1
DA:118,1
DA:119,1
DA:120,1
DA:121,1
DA:124,1
DA:125,1
DA:126,1
DA:127,1
DA:128,1
DA:129,1
DA:132,1
DA:133,1
DA:134,1
DA:135,1
DA:136,1
DA:137,1
DA:140,1
DA:141,1
DA:142,1
DA:143,1
DA:144,1
DA:145,1
DA:148,1
DA:149,4
DA:150,1
DA:151,1
DA:152,1
DA:153,1
DA:155,4
DA:156,4
DA:157,4
DA:159,1
DA:160,1
DA:163,1
DA:164,1
DA:165,1
DA:166,1
DA:167,1
BRF:0
BRH:0
LF:96
LH:96
end_of_record
SF:/home/quinten/Documents/Software_Development/muster/src/agent/storage.rs
FN:201,_RNCNvMs_NtNtCs3bOdyUEi4qt_6muster5agent7storageNtB6_7Storage11child_count0Ba_
FN:178,_RNCNvMs_NtNtCs3bOdyUEi4qt_6muster5agent7storageNtB6_7Storage11root_agents0Ba_
FN:155,_RNCNvMs_NtNtCs3bOdyUEi4qt_6muster5agent7storageNtB6_7Storage12alive_agents0Ba_
FN:193,_RNCNvMs_NtNtCs3bOdyUEi4qt_6muster5agent7storageNtB6_7Storage12has_children0Ba_
FN:137,_RNCNvMs_NtNtCs3bOdyUEi4qt_6muster5agent7storageNtB6_7Storage16find_by_short_id0Ba_
FN:310,_RNCNvMs_NtNtCs3bOdyUEi4qt_6muster5agent7storageNtB6_7Storage16visible_index_of0Ba_
FN:113,_RNCNvMs_NtNtCs3bOdyUEi4qt_6muster5agent7storageNtB6_7Storage3get0Ba_
FN:103,_RNCNvMs_NtNtCs3bOdyUEi4qt_6muster5agent7storageNtB6_7Storage6remove0Ba_
FN:118,_RNCNvMs_NtNtCs3bOdyUEi4qt_6muster5agent7storageNtB6_7Storage7get_mut0Ba_
FN:86,_RNCNvMs_NtNtCs3bOdyUEi4qt_6muster5agent7storageNtB6_7Storage7save_to0Ba_
FN:92,_RNCNvMs_NtNtCs3bOdyUEi4qt_6muster5agent7storageNtB6_7Storage7save_tos_0Ba_
FN:186,_RNCNvMs_NtNtCs3bOdyUEi4qt_6muster5agent7storageNtB6_7Storage8children0Ba_
FN:63,_RNCNvMs_NtNtCs3bOdyUEi4qt_6muster5agent7storageNtB6_7Storage9load_from0Ba_
FN:65,_RNCNvMs_NtNtCs3bOdyUEi4qt_6muster5agent7storageNtB6_7Storage9load_froms_0Ba_
FN:198,_RNvMs_NtNtCs3bOdyUEi4qt_6muster5agent7storageNtB4_7Storage11child_count
FN:227,_RNvMs_NtNtCs3bOdyUEi4qt_6muster5agent7storageNtB4_7Storage11descendants
FN:177,_RNvMs_NtNtCs3bOdyUEi4qt_6muster5agent7storageNtB4_7Storage11root_agents
FN:154,_RNvMs_NtNtCs3bOdyUEi4qt_6muster5agent7storageNtB4_7Storage12alive_agents
FN:123,_RNvMs_NtNtCs3bOdyUEi4qt_6muster5agent7storageNtB4_7Storage12get_by_index
FN:192,_RNvMs_NtNtCs3bOdyUEi4qt_6muster5agent7storageNtB4_7Storage12has_children
FN:207,_RNvMs_NtNtCs3bOdyUEi4qt_6muster5agent7storageNtB4_7Storage13root_ancestor
FN:301,_RNvMs_NtNtCs3bOdyUEi4qt_6muster5agent7storageNtB4_7Storage13visible_count
FN:243,_RNvMs_NtNtCs3bOdyUEi4qt_6muster5agent7storageNtB4_7Storage14descendant_ids
FN:270,_RNvMs_NtNtCs3bOdyUEi4qt_6muster5agent7storageNtB4_7Storage14visible_agents
FN:134,_RNvMs_NtNtCs3bOdyUEi4qt_6muster5agent7storageNtB4_7Storage16find_by_short_id
FN:128,_RNvMs_NtNtCs3bOdyUEi4qt_6muster5agent7storageNtB4_7Storage16get_by_index_mut
FN:295,_RNvMs_NtNtCs3bOdyUEi4qt_6muster5agent7storageNtB4_7Storage16visible_agent_at
FN:307,_RNvMs_NtNtCs3bOdyUEi4qt_6muster5agent7storageNtB4_7Storage16visible_index_of
FN:331,_RNvMs_NtNtCs3bOdyUEi4qt_6muster5agent7storageNtB4_7Storage17next_window_index
FN:234,_RNvMs_NtNtCs3bOdyUEi4qt_6muster5agent7storageNtB4_7Storage19collect_descendants
FN:279,_RNvMs_NtNtCs3bOdyUEi4qt_6muster5agent7storageNtB4_7Storage21add_visible_recursive
FN:314,_RNvMs_NtNtCs3bOdyUEi4qt_6muster5agent7storageNtB4_7Storage23remove_with_descendants
FN:97,_RNvMs_NtNtCs3bOdyUEi4qt_6muster5agent7storageNtB4_7Storage3add
FN:112,_RNvMs_NtNtCs3bOdyUEi4qt_6muster5agent7storageNtB4_7Storage3get
FN:142,_RNvMs_NtNtCs3bOdyUEi4qt_6muster5agent7storageNtB4_7Storage3len
FN:35,_RNvMs_NtNtCs3bOdyUEi4qt_6muster5agent7storageNtB4_7Storage3new
FN:164,_RNvMs_NtNtCs3bOdyUEi4qt_6muster5agent7storageNtB4_7Storage4iter
FN:47,_RNvMs_NtNtCs3bOdyUEi4qt_6muster5agent7storageNtB4_7Storage4load
FN:74,_RNvMs_NtNtCs3bOdyUEi4qt_6muster5agent7storageNtB4_7Storage4save
FN:159,_RNvMs_NtNtCs3bOdyUEi4qt_6muster5agent7storageNtB4_7Storage5clear
FN:249,_RNvMs_NtNtCs3bOdyUEi4qt_6muster5agent7storageNtB4_7Storage5depth
FN:102,_RNvMs_NtNtCs3bOdyUEi4qt_6muster5agent7storageNtB4_7Storage6remove
FN:117,_RNvMs_NtNtCs3bOdyUEi4qt_6muster5agent7storageNtB4_7Storage7get_mut
FN:84,_RNvMs_NtNtCs3bOdyUEi4qt_6muster5agent7storageNtB4_7Storage7save_to
FN:183,_RNvMs_NtNtCs3bOdyUEi4qt_6muster5agent7storageNtB4_7Storage8children
FN:148,_RNvMs_NtNtCs3bOdyUEi4qt_6muster5agent7storageNtB4_7Storage8is_empty
FN:169,_RNvMs_NtNtCs3bOdyUEi4qt_6muster5agent7storageNtB4_7Storage8iter_mut
FN:61,_RNvMs_NtNtCs3bOdyUEi4qt_6muster5agent7storageNtB4_7Storage9load_from
FN:28,_RNvNtNtCs3bOdyUEi4qt_6muster5agent7storage15default_version
FN:23,_RNvXNtNtCs3bOdyUEi4qt_6muster5agent7storageNtB2_7StorageNtNtCs4Vq2ZLagKfv_4core7default7Default7default
FN:201,_RNCNvMs_NtNtCs5Hx9zLFZsDi_6muster5agent7storageNtB6_7Storage11child_count0Ba_
FN:178,_RNCNvMs_NtNtCs5Hx9zLFZsDi_6muster5agent7storageNtB6_7Storage11root_agents0Ba_
FN:155,_RNCNvMs_NtNtCs5Hx9zLFZsDi_6muster5agent7storageNtB6_7Storage12alive_agents0Ba_
FN:193,_RNCNvMs_NtNtCs5Hx9zLFZsDi_6muster5agent7storageNtB6_7Storage12has_children0Ba_
FN:137,_RNCNvMs_NtNtCs5Hx9zLFZsDi_6muster5agent7storageNtB6_7Storage16find_by_short_id0Ba_
FN:113,_RNCNvMs_NtNtCs5Hx9zLFZsDi_6muster5agent7storageNtB6_7Storage3get0Ba_
FN:103,_RNCNvMs_NtNtCs5Hx9zLFZsDi_6muster5agent7storageNtB6_7Storage6remove0Ba_
FN:118,_RNCNvMs_NtNtCs5Hx9zLFZsDi_6muster5agent7storageNtB6_7Storage7get_mut0Ba_
FN:86,_RNCNvMs_NtNtCs5Hx9zLFZsDi_6muster5agent7storageNtB6_7Storage7save_to0Ba_
FN:92,_RNCNvMs_NtNtCs5Hx9zLFZsDi_6muster5agent7storageNtB6_7Storage7save_tos_0Ba_
FN:186,_RNCNvMs_NtNtCs5Hx9zLFZsDi_6muster5agent7storageNtB6_7Storage8children0Ba_
FN:63,_RNCNvMs_NtNtCs5Hx9zLFZsDi_6muster5agent7storageNtB6_7Storage9load_from0Ba_
FN:65,_RNCNvMs_NtNtCs5Hx9zLFZsDi_6muster5agent7storageNtB6_7Storage9load_froms_0Ba_
FN:527,_RNCNvNtNtNtCs5Hx9zLFZsDi_6muster5agent7storage5testss_13test_iter_mut0B9_
FN:594,_RNCNvNtNtNtCs5Hx9zLFZsDi_6muster5agent7storage5testss_16test_root_agents0B9_
FN:513,_RNCNvNtNtNtCs5Hx9zLFZsDi_6muster5agent7storage5testss_9test_iter0B9_
FN:198,_RNvMs_NtNtCs5Hx9zLFZsDi_6muster5agent7storageNtB4_7Storage11child_count
FN:227,_RNvMs_NtNtCs5Hx9zLFZsDi_6muster5agent7storageNtB4_7Storage11descendants
FN:177,_RNvMs_NtNtCs5Hx9zLFZsDi_6muster5agent7storageNtB4_7Storage11root_agents
FN:154,_RNvMs_NtNtCs5Hx9zLFZsDi_6muster5agent7storageNtB4_7Storage12alive_agents
FN:123,_RNvMs_NtNtCs5Hx9zLFZsDi_6muster5agent7storageNtB4_7Storage12get_by_index
FN:192,_RNvMs_NtNtCs5Hx9zLFZsDi_6muster5agent7storageNtB4_7Storage12has_children
FN:207,_RNvMs_NtNtCs5Hx9zLFZsDi_6muster5agent7storageNtB4_7Storage13root_ancestor
FN:301,_RNvMs_NtNtCs5Hx9zLFZsDi_6muster5agent7storageNtB4_7Storage13visible_count
FN:243,_RNvMs_NtNtCs5Hx9zLFZsDi_6muster5agent7storageNtB4_7Storage14descendant_ids
FN:270,_RNvMs_NtNtCs5Hx9zLFZsDi_6muster5agent7storageNtB4_7Storage14visible_agents
FN:134,_RNvMs_NtNtCs5Hx9zLFZsDi_6muster5agent7storageNtB4_7Storage16find_by_short_id
FN:128,_RNvMs_NtNtCs5Hx9zLFZsDi_6muster5agent7storageNtB4_7Storage16get_by_index_mut
FN:295,_RNvMs_NtNtCs5Hx9zLFZsDi_6muster5agent7storageNtB4_7Storage16visible_agent_at
FN:331,_RNvMs_NtNtCs5Hx9zLFZsDi_6muster5agent7storageNtB4_7Storage17next_window_index
FN:234,_RNvMs_NtNtCs5Hx9zLFZsDi_6muster5agent7storageNtB4_7Storage19collect_descendants
FN:279,_RNvMs_NtNtCs5Hx9zLFZsDi_6muster5agent7storageNtB4_7Storage21add_visible_recursive
FN:314,_RNvMs_NtNtCs5Hx9zLFZsDi_6muster5agent7storageNtB4_7Storage23remove_with_descendants
FN:97,_RNvMs_NtNtCs5Hx9zLFZsDi_6muster5agent7storageNtB4_7Storage3add
FN:112,_RNvMs_NtNtCs5Hx9zLFZsDi_6muster5agent7storageNtB4_7Storage3get
FN:142,_RNvMs_NtNtCs5Hx9zLFZsDi_6muster5agent7storageNtB4_7Storage3len
FN:35,_RNvMs_NtNtCs5Hx9zLFZsDi_6muster5agent7storageNtB4_7Storage3new
FN:164,_RNvMs_NtNtCs5Hx9zLFZsDi_6muster5agent7storageNtB4_7Storage4iter
FN:74,_RNvMs_NtNtCs5Hx9zLFZsDi_6muster5agent7storageNtB4_7Storage4save
FN:159,_RNvMs_NtNtCs5Hx9zLFZsDi_6muster5agent7storageNtB4_7Storage5clear
FN:249,_RNvMs_NtNtCs5Hx9zLFZsDi_6muster5agent7storageNtB4_7Storage5depth
FN:102,_RNvMs_NtNtCs5Hx9zLFZsDi_6muster5agent7storageNtB4_7Storage6remove
FN:117,_RNvMs_NtNtCs5Hx9zLFZsDi_6muster5agent7storageNtB4_7Storage7get_mut
FN:84,_RNvMs_NtNtCs5Hx9zLFZsDi_6muster5agent7storageNtB4_7Storage7save_to
FN:183,_RNvMs_NtNtCs5Hx9zLFZsDi_6muster5agent7storageNtB4_7Storage8children
FN:148,_RNvMs_NtNtCs5Hx9zLFZsDi_6muster5agent7storageNtB4_7Storage8is_empty
FN:169,_RNvMs_NtNtCs5Hx9zLFZsDi_6muster5agent7storageNtB4_7Storage8iter_mut
FN:61,_RNvMs_NtNtCs5Hx9zLFZsDi_6muster5agent7storageNtB4_7Storage9load_from
FN:28,_RNvNtNtCs5Hx9zLFZsDi_6muster5agent7storage15default_version
FN:350,_RNvNtNtNtCs5Hx9zLFZsDi_6muster5agent7storage5tests17create_test_agent
FN:566,_RNvNtNtNtCs5Hx9zLFZsDi_6muster5agent7storage5tests18create_child_agent
FN:497,_RNvNtNtNtCs5Hx9zLFZsDi_6muster5agent7storage5testss_10test_clear
FN:717,_RNvNtNtNtCs5Hx9zLFZsDi_6muster5agent7storage5testss_10test_depth
FN:414,_RNvNtNtNtCs5Hx9zLFZsDi_6muster5agent7storage5testss_12test_get_mut
FN:598,_RNvNtNtNtCs5Hx9zLFZsDi_6muster5agent7storage5testss_13test_children
FN:518,_RNvNtNtNtCs5Hx9zLFZsDi_6muster5agent7storage5testss_13test_iter_mut
FN:369,_RNvNtNtNtCs5Hx9zLFZsDi_6muster5agent7storage5testss_14test_add_agent
FN:402,_RNvNtNtNtCs5Hx9zLFZsDi_6muster5agent7storage5testss_14test_get_agent
FN:628,_RNvNtNtNtCs5Hx9zLFZsDi_6muster5agent7storage5testss_16test_child_count
FN:688,_RNvNtNtNtCs5Hx9zLFZsDi_6muster5agent7storage5testss_16test_descendants
FN:361,_RNvNtNtNtCs5Hx9zLFZsDi_6muster5agent7storage5testss_16test_new_storage
FN:582,_RNvNtNtNtCs5Hx9zLFZsDi_6muster5agent7storage5testss_16test_root_agents
FN:479,_RNvNtNtNtCs5Hx9zLFZsDi_6muster5agent7storage5testss_17test_alive_agents
FN:433,_RNvNtNtNtCs5Hx9zLFZsDi_6muster5agent7storage5testss_17test_get_by_index
FN:614,_RNvNtNtNtCs5Hx9zLFZsDi_6muster5agent7storage5testss_17test_has_children
FN:380,_RNvNtNtNtCs5Hx9zLFZsDi_6muster5agent7storage5testss_17test_remove_agent
FN:558,_RNvNtNtNtCs5Hx9zLFZsDi_6muster5agent7storage5testss_18test_default_trait
FN:642,_RNvNtNtNtCs5Hx9zLFZsDi_6muster5agent7storage5testss_18test_root_ancestor
FN:531,_RNvNtNtNtCs5Hx9zLFZsDi_6muster5agent7storage5testss_18test_save_and_load
FN:805,_RNvNtNtNtCs5Hx9zLFZsDi_6muster5agent7storage5testss_18test_visible_count
FN:467,_RNvNtNtNtCs5Hx9zLFZsDi_6muster5agent7storage5testss_21test_find_by_short_id
FN:451,_RNvNtNtNtCs5Hx9zLFZsDi_6muster5agent7storage5testss_21test_get_by_index_mut
FN:783,_RNvNtNtNtCs5Hx9zLFZsDi_6muster5agent7storage5testss_21test_visible_agent_at
FN:850,_RNvNtNtNtCs5Hx9zLFZsDi_6muster5agent7storage5testss_22test_next_window_index
FN:395,_RNvNtNtNtCs5Hx9zLFZsDi_6muster5agent7storage5testss_23test_remove_nonexistent
FN:818,_RNvNtNtNtCs5Hx9zLFZsDi_6muster5agent7storage5testss_28test_remove_with_descendants
FN:763,_RNvNtNtNtCs5Hx9zLFZsDi_6muster5agent7storage5testss_28test_visible_agents_expanded
FN:747,_RNvNtNtNtCs5Hx9zLFZsDi_6muster5agent7storage5testss_33test_visible_agents_all_collapsed
FN:549,_RNvNtNtNtCs5Hx9zLFZsDi_6muster5agent7storage5testss_35test_load_nonexistent_returns_empty
FN:508,_RNvNtNtNtCs5Hx9zLFZsDi_6muster5agent7storage5testss_9test_iter
FN:23,_RNvXNtNtCs5Hx9zLFZsDi_6muster5agent7storageNtB2_7StorageNtNtCs4Vq2ZLagKfv_4core7default7Default7default
FN:310,_RNCNvMs_NtNtCs5Hx9zLFZsDi_6muster5agent7storageNtB6_7Storage16visible_index_of0Ba_
FN:307,_RNvMs_NtNtCs5Hx9zLFZsDi_6muster5agent7storageNtB4_7Storage16visible_index_of
FN:47,_RNvMs_NtNtCs5Hx9zLFZsDi_6muster5agent7storageNtB4_7Storage4load
FNDA:352,_RNCNvMs_NtNtCs3bOdyUEi4qt_6muster5agent7storageNtB6_7Storage11child_count0Ba_
FNDA:123,_RNCNvMs_NtNtCs3bOdyUEi4qt_6muster5agent7storageNtB6_7Storage11root_agents0Ba_
FNDA:0,_RNCNvMs_NtNtCs3bOdyUEi4qt_6muster5agent7storageNtB6_7Storage12alive_agents0Ba_
FNDA:352,_RNCNvMs_NtNtCs3bOdyUEi4qt_6muster5agent7storageNtB6_7Storage12has_children0Ba_
FNDA:1,_RNCNvMs_NtNtCs3bOdyUEi4qt_6muster5agent7storageNtB6_7Storage16find_by_short_id0Ba_
FNDA:0,_RNCNvMs_NtNtCs3bOdyUEi4qt_6muster5agent7storageNtB6_7Storage16visible_index_of0Ba_
FNDA:0,_RNCNvMs_NtNtCs3bOdyUEi4qt_6muster5agent7storageNtB6_7Storage3get0Ba_
FNDA:4,_RNCNvMs_NtNtCs3bOdyUEi4qt_6muster5agent7storageNtB6_7Storage6remove0Ba_
FNDA:7,_RNCNvMs_NtNtCs3bOdyUEi4qt_6muster5agent7storageNtB6_7Storage7get_mut0Ba_
FNDA:0,_RNCNvMs_NtNtCs3bOdyUEi4qt_6muster5agent7storageNtB6_7Storage7save_to0Ba_
FNDA:0,_RNCNvMs_NtNtCs3bOdyUEi4qt_6muster5agent7storageNtB6_7Storage7save_tos_0Ba_
FNDA:2,_RNCNvMs_NtNtCs3bOdyUEi4qt_6muster5agent7storageNtB6_7Storage8children0Ba_
FNDA:0,_RNCNvMs_NtNtCs3bOdyUEi4qt_6muster5agent7storageNtB6_7Storage9load_from0Ba_
FNDA:0,_RNCNvMs_NtNtCs3bOdyUEi4qt_6muster5agent7storageNtB6_7Storage9load_froms_0Ba_
FNDA:88,_RNvMs_NtNtCs3bOdyUEi4qt_6muster5agent7storageNtB4_7Storage11child_count
FNDA:2,_RNvMs_NtNtCs3bOdyUEi4qt_6muster5agent7storageNtB4_7Storage11descendants
FNDA:59,_RNvMs_NtNtCs3bOdyUEi4qt_6muster5agent7storageNtB4_7Storage11root_agents
FNDA:0,_RNvMs_NtNtCs3bOdyUEi4qt_6muster5agent7storageNtB4_7Storage12alive_agents
FNDA:2,_RNvMs_NtNtCs3bOdyUEi4qt_6muster5agent7storageNtB4_7Storage12get_by_index
FNDA:88,_RNvMs_NtNtCs3bOdyUEi4qt_6muster5agent7storageNtB4_7Storage12has_children
FNDA:0,_RNvMs_NtNtCs3bOdyUEi4qt_6muster5agent7storageNtB4_7Storage13root_ancestor
FNDA:18,_RNvMs_NtNtCs3bOdyUEi4qt_6muster5agent7storageNtB4_7Storage13visible_count
FNDA:1,_RNvMs_NtNtCs3bOdyUEi4qt_6muster5agent7storageNtB4_7Storage14descendant_ids
FNDA:59,_RNvMs_NtNtCs3bOdyUEi4qt_6muster5agent7storageNtB4_7Storage14visible_agents
FNDA:1,_RNvMs_NtNtCs3bOdyUEi4qt_6muster5agent7storageNtB4_7Storage16find_by_short_id
FNDA:0,_RNvMs_NtNtCs3bOdyUEi4qt_6muster5agent7storageNtB4_7Storage16get_by_index_mut
FNDA:18,_RNvMs_NtNtCs3bOdyUEi4qt_6muster5agent7storageNtB4_7Storage16visible_agent_at
FNDA:0,_RNvMs_NtNtCs3bOdyUEi4qt_6muster5agent7storageNtB4_7Storage16visible_index_of
FNDA:0,_RNvMs_NtNtCs3bOdyUEi4qt_6muster5agent7storageNtB4_7Storage17next_window_index
FNDA:2,_RNvMs_NtNtCs3bOdyUEi4qt_6muster5agent7storageNtB4_7Storage19collect_descendants
FNDA:123,_RNvMs_NtNtCs3bOdyUEi4qt_6muster5agent7storageNtB4_7Storage21add_visible_recursive
FNDA:1,_RNvMs_NtNtCs3bOdyUEi4qt_6muster5agent7storageNtB4_7Storage23remove_with_descendants
FNDA:146,_RNvMs_NtNtCs3bOdyUEi4qt_6muster5agent7storageNtB4_7Storage3add
FNDA:0,_RNvMs_NtNtCs3bOdyUEi4qt_6muster5agent7storageNtB4_7Storage3get
FNDA:58,_RNvMs_NtNtCs3bOdyUEi4qt_6muster5agent7storageNtB4_7Storage3len
FNDA:92,_RNvMs_NtNtCs3bOdyUEi4qt_6muster5agent7storageNtB4_7Storage3new
FNDA:84,_RNvMs_NtNtCs3bOdyUEi4qt_6muster5agent7storageNtB4_7Storage4iter
FNDA:36,_RNvMs_NtNtCs3bOdyUEi4qt_6muster5agent7storageNtB4_7Storage4load
FNDA:57,_RNvMs_NtNtCs3bOdyUEi4qt_6muster5agent7storageNtB4_7Storage4save
FNDA:3,_RNvMs_NtNtCs3bOdyUEi4qt_6muster5agent7storageNtB4_7Storage5clear
FNDA:0,_RNvMs_NtNtCs3bOdyUEi4qt_6muster5agent7storageNtB4_7Storage5depth
FNDA:4,_RNvMs_NtNtCs3bOdyUEi4qt_6muster5agent7storageNtB4_7Storage6remove
FNDA:7,_RNvMs_NtNtCs3bOdyUEi4qt_6muster5agent7storageNtB4_7Storage7get_mut
FNDA:60,_RNvMs_NtNtCs3bOdyUEi4qt_6muster5agent7storageNtB4_7Storage7save_to
FNDA:2,_RNvMs_NtNtCs3bOdyUEi4qt_6muster5agent7storageNtB4_7Storage8children
FNDA:4,_RNvMs_NtNtCs3bOdyUEi4qt_6muster5agent7storageNtB4_7Storage8is_empty
FNDA:4,_RNvMs_NtNtCs3bOdyUEi4qt_6muster5agent7storageNtB4_7Storage8iter_mut
FNDA:37,_RNvMs_NtNtCs3bOdyUEi4qt_6muster5agent7storageNtB4_7Storage9load_from
FNDA:92,_RNvNtNtCs3bOdyUEi4qt_6muster5agent7storage15default_version
FNDA:37,_RNvXNtNtCs3bOdyUEi4qt_6muster5agent7storageNtB2_7StorageNtNtCs4Vq2ZLagKfv_4core7default7Default7default
FNDA:4,_RNCNvMs_NtNtCs5Hx9zLFZsDi_6muster5agent7storageNtB6_7Storage11child_count0Ba_
FNDA:62,_RNCNvMs_NtNtCs5Hx9zLFZsDi_6muster5agent7storageNtB6_7Storage11root_agents0Ba_
FNDA:2,_RNCNvMs_NtNtCs5Hx9zLFZsDi_6muster5agent7storageNtB6_7Storage12alive_agents0Ba_
FNDA:5,_RNCNvMs_NtNtCs5Hx9zLFZsDi_6muster5agent7storageNtB6_7Storage12has_children0Ba_
FNDA:2,_RNCNvMs_NtNtCs5Hx9zLFZsDi_6muster5agent7storageNtB6_7Storage16find_by_short_id0Ba_
FNDA:26,_RNCNvMs_NtNtCs5Hx9zLFZsDi_6muster5agent7storageNtB6_7Storage3get0Ba_
FNDA:10,_RNCNvMs_NtNtCs5Hx9zLFZsDi_6muster5agent7storageNtB6_7Storage6remove0Ba_
FNDA:7,_RNCNvMs_NtNtCs5Hx9zLFZsDi_6muster5agent7storageNtB6_7Storage7get_mut0Ba_
FNDA:0,_RNCNvMs_NtNtCs5Hx9zLFZsDi_6muster5agent7storageNtB6_7Storage7save_to0Ba_
FNDA:0,_RNCNvMs_NtNtCs5Hx9zLFZsDi_6muster5agent7storageNtB6_7Storage7save_tos_0Ba_
FNDA:63,_RNCNvMs_NtNtCs5Hx9zLFZsDi_6muster5agent7storageNtB6_7Storage8children0Ba_
FNDA:1,_RNCNvMs_NtNtCs5Hx9zLFZsDi_6muster5agent7storageNtB6_7Storage9load_from0Ba_
FNDA:0,_RNCNvMs_NtNtCs5Hx9zLFZsDi_6muster5agent7storageNtB6_7Storage9load_froms_0Ba_
FNDA:2,_RNCNvNtNtNtCs5Hx9zLFZsDi_6muster5agent7storage5testss_13test_iter_mut0B9_
FNDA:2,_RNCNvNtNtNtCs5Hx9zLFZsDi_6muster5agent7storage5testss_16test_root_agents0B9_
FNDA:2,_RNCNvNtNtNtCs5Hx9zLFZsDi_6muster5agent7storage5testss_9test_iter0B9_
FNDA:2,_RNvMs_NtNtCs5Hx9zLFZsDi_6muster5agent7storageNtB4_7Storage11child_count
FNDA:7,_RNvMs_NtNtCs5Hx9zLFZsDi_6muster5agent7storageNtB4_7Storage11descendants
FNDA:61,_RNvMs_NtNtCs5Hx9zLFZsDi_6muster5agent7storageNtB4_7Storage11root_agents
FNDA:1,_RNvMs_NtNtCs5Hx9zLFZsDi_6muster5agent7storageNtB4_7Storage12alive_agents
FNDA:4,_RNvMs_NtNtCs5Hx9zLFZsDi_6muster5agent7storageNtB4_7Storage12get_by_index
FNDA:4,_RNvMs_NtNtCs5Hx9zLFZsDi_6muster5agent7storageNtB4_7Storage12has_children
FNDA:4,_RNvMs_NtNtCs5Hx9zLFZsDi_6muster5agent7storageNtB4_7Storage13root_ancestor
FNDA:13,_RNvMs_NtNtCs5Hx9zLFZsDi_6muster5agent7storageNtB4_7Storage13visible_count
FNDA:2,_RNvMs_NtNtCs5Hx9zLFZsDi_6muster5agent7storageNtB4_7Storage14descendant_ids
FNDA:60,_RNvMs_NtNtCs5Hx9zLFZsDi_6muster5agent7storageNtB4_7Storage14visible_agents
FNDA:2,_RNvMs_NtNtCs5Hx9zLFZsDi_6muster5agent7storageNtB4_7Storage16find_by_short_id
FNDA:1,_RNvMs_NtNtCs5Hx9zLFZsDi_6muster5agent7storageNtB4_7Storage16get_by_index_mut
FNDA:45,_RNvMs_NtNtCs5Hx9zLFZsDi_6muster5agent7storageNtB4_7Storage16visible_agent_at
FNDA:3,_RNvMs_NtNtCs5Hx9zLFZsDi_6muster5agent7storageNtB4_7Storage17next_window_index
FNDA:16,_RNvMs_NtNtCs5Hx9zLFZsDi_6muster5agent7storageNtB4_7Storage19collect_descendants
FNDA:58,_RNvMs_NtNtCs5Hx9zLFZsDi_6muster5agent7storageNtB4_7Storage21add_visible_recursive
FNDA:2,_RNvMs_NtNtCs5Hx9zLFZsDi_6muster5agent7storageNtB4_7Storage23remove_with_descendants
FNDA:95,_RNvMs_NtNtCs5Hx9zLFZsDi_6muster5agent7storageNtB4_7Storage3add
FNDA:17,_RNvMs_NtNtCs5Hx9zLFZsDi_6muster5agent7storageNtB4_7Storage3get
FNDA:7,_RNvMs_NtNtCs5Hx9zLFZsDi_6muster5agent7storageNtB4_7Storage3len
FNDA:102,_RNvMs_NtNtCs5Hx9zLFZsDi_6muster5agent7storageNtB4_7Storage3new
FNDA:12,_RNvMs_NtNtCs5Hx9zLFZsDi_6muster5agent7storageNtB4_7Storage4iter
FNDA:5,_RNvMs_NtNtCs5Hx9zLFZsDi_6muster5agent7storageNtB4_7Storage4save
FNDA:2,_RNvMs_NtNtCs5Hx9zLFZsDi_6muster5agent7storageNtB4_7Storage5clear
FNDA:3,_RNvMs_NtNtCs5Hx9zLFZsDi_6muster5agent7storageNtB4_7Storage5depth
FNDA:7,_RNvMs_NtNtCs5Hx9zLFZsDi_6muster5agent7storageNtB4_7Storage6remove
FNDA:7,_RNvMs_NtNtCs5Hx9zLFZsDi_6muster5agent7storageNtB4_7Storage7get_mut
FNDA:6,_RNvMs_NtNtCs5Hx9zLFZsDi_6muster5agent7storageNtB4_7Storage7save_to
FNDA:24,_RNvMs_NtNtCs5Hx9zLFZsDi_6muster5agent7storageNtB4_7Storage8children
FNDA:6,_RNvMs_NtNtCs5Hx9zLFZsDi_6muster5agent7storageNtB4_7Storage8is_empty
FNDA:3,_RNvMs_NtNtCs5Hx9zLFZsDi_6muster5agent7storageNtB4_7Storage8iter_mut
FNDA:2,_RNvMs_NtNtCs5Hx9zLFZsDi_6muster5agent7storageNtB4_7Storage9load_from
FNDA:102,_RNvNtNtCs5Hx9zLFZsDi_6muster5agent7storage15default_version
FNDA:32,_RNvNtNtNtCs5Hx9zLFZsDi_6muster5agent7storage5tests17create_test_agent
FNDA:18,_RNvNtNtNtCs5Hx9zLFZsDi_6muster5agent7storage5tests18create_child_agent
FNDA:1,_RNvNtNtNtCs5Hx9zLFZsDi_6muster5agent7storage5testss_10test_clear
FNDA:1,_RNvNtNtNtCs5Hx9zLFZsDi_6muster5agent7storage5testss_10test_depth
FNDA:1,_RNvNtNtNtCs5Hx9zLFZsDi_6muster5agent7storage5testss_12test_get_mut
FNDA:1,_RNvNtNtNtCs5Hx9zLFZsDi_6muster5agent7storage5testss_13test_children
FNDA:1,_RNvNtNtNtCs5Hx9zLFZsDi_6muster5agent7storage5testss_13test_iter_mut
FNDA:1,_RNvNtNtNtCs5Hx9zLFZsDi_6muster5agent7storage5testss_14test_add_agent
FNDA:1,_RNvNtNtNtCs5Hx9zLFZsDi_6muster5agent7storage5testss_14test_get_agent
FNDA:1,_RNvNtNtNtCs5Hx9zLFZsDi_6muster5agent7storage5testss_16test_child_count
FNDA:1,_RNvNtNtNtCs5Hx9zLFZsDi_6muster5agent7storage5testss_16test_descendants
FNDA:1,_RNvNtNtNtCs5Hx9zLFZsDi_6muster5agent7storage5testss_16test_new_storage
FNDA:1,_RNvNtNtNtCs5Hx9zLFZsDi_6muster5agent7storage5testss_16test_root_agents
FNDA:1,_RNvNtNtNtCs5Hx9zLFZsDi_6muster5agent7storage5testss_17test_alive_agents
FNDA:1,_RNvNtNtNtCs5Hx9zLFZsDi_6muster5agent7storage5testss_17test_get_by_index
FNDA:1,_RNvNtNtNtCs5Hx9zLFZsDi_6muster5agent7storage5testss_17test_has_children
FNDA:1,_RNvNtNtNtCs5Hx9zLFZsDi_6muster5agent7storage5testss_17test_remove_agent
FNDA:1,_RNvNtNtNtCs5Hx9zLFZsDi_6muster5agent7storage5testss_18test_default_trait
FNDA:1,_RNvNtNtNtCs5Hx9zLFZsDi_6muster5agent7storage5testss_18test_root_ancestor
FNDA:1,_RNvNtNtNtCs5Hx9zLFZsDi_6muster5agent7storage5testss_18test_save_and_load
FNDA:1,_RNvNtNtNtCs5Hx9zLFZsDi_6muster5agent7storage5testss_18test_visible_count
FNDA:1,_RNvNtNtNtCs5Hx9zLFZsDi_6muster5agent7storage5testss_21test_find_by_short_id
FNDA:1,_RNvNtNtNtCs5Hx9zLFZsDi_6muster5agent7storage5testss_21test_get_by_index_mut
FNDA:1,_RNvNtNtNtCs5Hx9zLFZsDi_6muster5agent7storage5testss_21test_visible_agent_at
FNDA:1,_RNvNtNtNtCs5Hx9zLFZsDi_6muster5agent7storage5testss_22test_next_window_index
FNDA:1,_RNvNtNtNtCs5Hx9zLFZsDi_6muster5agent7storage5testss_23test_remove_nonexistent
FNDA:1,_RNvNtNtNtCs5Hx9zLFZsDi_6muster5agent7storage5testss_28test_remove_with_descendants
FNDA:1,_RNvNtNtNtCs5Hx9zLFZsDi_6muster5agent7storage5testss_28test_visible_agents_expanded
FNDA:1,_RNvNtNtNtCs5Hx9zLFZsDi_6muster5agent7storage5testss_33test_visible_agents_all_collapsed
FNDA:1,_RNvNtNtNtCs5Hx9zLFZsDi_6muster5agent7storage5testss_35test_load_nonexistent_returns_empty
FNDA:1,_RNvNtNtNtCs5Hx9zLFZsDi_6muster5agent7storage5testss_9test_iter
FNDA:75,_RNvXNtNtCs5Hx9zLFZsDi_6muster5agent7storageNtB2_7StorageNtNtCs4Vq2ZLagKfv_4core7default7Default7default
FNDA:0,_RNCNvMs_NtNtCs5Hx9zLFZsDi_6muster5agent7storageNtB6_7Storage16visible_index_of0Ba_
FNDA:0,_RNvMs_NtNtCs5Hx9zLFZsDi_6muster5agent7storageNtB4_7Storage16visible_index_of
FNDA:0,_RNvMs_NtNtCs5Hx9zLFZsDi_6muster5agent7storageNtB4_7Storage4load
FNF:84
FNH:79
DA:23,112
DA:24,112
DA:25,112
DA:28,194
DA:29,194
DA:30,194
DA:35,194
DA:36,194
DA:37,194
DA:38,194
DA:39,194
DA:40,194
DA:47,36
DA:48,36
DA:49,36
DA:50,36
DA:52,0
DA:54,36
DA:61,39
DA:62,39
DA:63,39
DA:64,38
DA:65,38
DA:66,38
DA:67,39
DA:74,62
DA:75,62
DA:76,62
DA:77,62
DA:84,66
DA:85,66
DA:86,66
DA:87,0
DA:88,0
DA:89,0
DA:90,66
DA:91,66
DA:92,66
DA:93,66
DA:94,66
DA:97,241
DA:98,241
DA:99,241
DA:102,11
DA:103,14
DA:104,10
DA:106,1
DA:108,11
DA:112,17
DA:113,26
DA:114,17
DA:117,14
DA:118,14
DA:119,14
DA:123,6
DA:124,6
DA:125,6
DA:128,1
DA:129,1
DA:130,1
DA:134,3
DA:135,3
DA:136,3
DA:137,3
DA:138,3
DA:142,65
DA:143,65
DA:144,65
DA:148,10
DA:149,10
DA:150,10
DA:154,1
DA:155,2
DA:156,1
DA:159,5
DA:160,5
DA:161,5
DA:164,96
DA:165,96
DA:166,96
DA:169,7
DA:170,7
DA:171,7
DA:177,120
DA:178,185
DA:179,120
DA:183,26
DA:184,26
DA:185,26
DA:186,65
DA:187,26
DA:188,26
DA:192,92
DA:193,357
DA:194,92
DA:198,90
DA:199,90
DA:200,90
DA:201,356
DA:202,90
DA:203,90
DA:207,4
DA:208,4
DA:209,4
DA:210,1
DA:211,3
DA:214,3
DA:215,7
DA:216,4
DA:217,4
DA:218,4
DA:219,0
DA:222,3
DA:223,4
DA:227,9
DA:228,9
DA:229,9
DA:230,9
DA:231,9
DA:234,18
DA:235,18
DA:236,9
DA:237,9
DA:238,9
DA:239,18
DA:243,3
DA:244,3
DA:245,3
DA:249,3
DA:250,3
DA:251,0
DA:254,3
DA:255,3
DA:256,6
DA:257,3
DA:258,3
DA:259,3
DA:260,3
DA:261,0
DA:264,3
DA:265,3
DA:270,119
DA:271,119
DA:272,176
DA:273,176
DA:274,176
DA:275,119
DA:276,119
DA:279,181
DA:280,181
DA:281,181
DA:282,181
DA:283,181
DA:284,181
DA:285,181
DA:286,181
DA:287,7
DA:288,5
DA:289,5
DA:290,174
DA:291,181
DA:295,63
DA:296,63
DA:297,63
DA:301,31
DA:302,31
DA:303,31
DA:307,0
DA:308,0
DA:309,0
DA:310,0
DA:311,0
DA:314,3
DA:316,3
DA:317,3
DA:320,3
DA:321,9
DA:322,6
DA:323,6
DA:324,6
DA:326,3
DA:327,3
DA:331,3
DA:333,3
DA:334,3
DA:335,3
DA:336,3
DA:337,3
DA:338,3
DA:339,3
DA:340,3
DA:350,32
DA:351,32
DA:352,32
DA:353,32
DA:354,32
DA:355,32
DA:356,32
DA:358,32
DA:361,1
DA:362,1
DA:363,1
DA:364,1
DA:365,1
DA:366,1
DA:369,1
DA:370,1
DA:371,1
DA:373,1
DA:375,1
DA:376,1
DA:377,1
DA:380,1
DA:381,1
DA:382,1
DA:383,1
DA:385,1
DA:386,1
DA:388,1
DA:389,1
DA:390,1
DA:391,1
DA:392,1
DA:395,1
DA:396,1
DA:397,1
DA:398,1
DA:399,1
DA:402,1
DA:403,1
DA:404,1
DA:405,1
DA:407,1
DA:409,1
DA:410,1
DA:411,1
DA:414,1
DA:415,1
DA:416,1
DA:417,1
DA:419,1
DA:421,1
DA:422,1
DA:423,1
DA:425,1
DA:426,1
DA:429,1
DA:430,1
DA:433,1
DA:434,1
DA:435,1
DA:436,1
DA:438,1
DA:439,1
DA:442,1
DA:443,1
DA:446,1
DA:447,1
DA:448,1
DA:451,1
DA:452,1
DA:453,1
DA:455,1
DA:456,1
DA:457,1
DA:459,1
DA:460,1
DA:463,1
DA:464,1
DA:467,1
DA:468,1
DA:469,1
DA:470,1
DA:472,1
DA:474,1
DA:475,1
DA:476,1
DA:479,1
DA:480,1
DA:482,1
DA:483,1
DA:485,1
DA:486,1
DA:488,1
DA:489,1
DA:491,1
DA:492,1
DA:493,1
DA:494,1
DA:497,1
DA:498,1
DA:499,1
DA:500,1
DA:502,1
DA:504,1
DA:505,1
DA:508,1
DA:509,1
DA:510,1
DA:511,1
DA:513,2
DA:514,1
DA:515,1
DA:518,1
DA:519,1
DA:520,1
DA:521,1
DA:523,2
DA:524,2
DA:525,2
DA:527,2
DA:528,1
DA:531,1
DA:532,1
DA:533,1
DA:535,1
DA:536,1
DA:537,1
DA:539,1
DA:540,1
DA:542,1
DA:543,1
DA:544,1
DA:545,1
DA:546,1
DA:549,1
DA:550,1
DA:551,1
DA:553,1
DA:554,1
DA:555,1
DA:558,1
DA:559,1
DA:560,1
DA:561,1
DA:562,1
DA:566,18
DA:567,18
DA:568,18
DA:569,18
DA:570,18
DA:571,18
DA:572,18
DA:573,18
DA:574,18
DA:575,18
DA:576,18
DA:577,18
DA:579,18
DA:582,1
DA:583,1
DA:584,1
DA:585,1
DA:586,1
DA:588,1
DA:589,1
DA:590,1
DA:592,1
DA:593,1
DA:594,2
DA:595,1
DA:598,1
DA:599,1
DA:600,1
DA:601,1
DA:602,1
DA:603,1
DA:605,1
DA:606,1
DA:607,1
DA:609,1
DA:610,1
DA:611,1
DA:614,1
DA:615,1
DA:616,1
DA:617,1
DA:618,1
DA:620,1
DA:621,1
DA:623,1
DA:624,1
DA:625,1
DA:628,1
DA:629,1
DA:630,1
DA:631,1
DA:633,1
DA:634,1
DA:636,1
DA:637,1
DA:638,1
DA:639,1
DA:642,1
DA:643,1
DA:644,1
DA:645,1
DA:646,1
DA:647,1
DA:648,1
DA:649,1
DA:650,1
DA:651,1
DA:652,1
DA:653,1
DA:654,1
DA:655,1
DA:656,1
DA:657,1
DA:658,1
DA:660,1
DA:662,1
DA:663,1
DA:664,1
DA:667,1
DA:668,1
DA:672,1
DA:673,1
DA:677,1
DA:678,1
DA:679,1
DA:680,1
DA:684,1
DA:685,1
DA:688,1
DA:689,1
DA:690,1
DA:691,1
DA:692,1
DA:693,1
DA:694,1
DA:695,1
DA:696,1
DA:697,1
DA:698,1
DA:699,1
DA:700,1
DA:701,1
DA:702,1
DA:703,1
DA:704,1
DA:707,1
DA:708,1
DA:709,1
DA:710,1
DA:712,1
DA:713,1
DA:714,1
DA:717,1
DA:718,1
DA:719,1
DA:720,1
DA:721,1
DA:722,1
DA:723,1
DA:724,1
DA:725,1
DA:726,1
DA:727,1
DA:728,1
DA:729,1
DA:730,1
DA:731,1
DA:732,1
DA:733,1
DA:735,1
DA:737,1
DA:738,1
DA:739,1
DA:741,1
DA:742,1
DA:743,1
DA:744,1
DA:747,1
DA:748,1
DA:749,1
DA:750,1
DA:751,1
DA:753,1
DA:754,1
DA:757,1
DA:758,1
DA:759,1
DA:760,1
DA:763,1
DA:764,1
DA:765,1
DA:766,1
DA:767,1
DA:768,1
DA:769,1
DA:771,1
DA:772,1
DA:774,1
DA:775,1
DA:776,1
DA:777,1
DA:778,1
DA:779,1
DA:780,1
DA:783,1
DA:784,1
DA:785,1
DA:786,1
DA:787,1
DA:789,1
DA:790,1
DA:792,1
DA:793,1
DA:796,1
DA:797,1
DA:800,1
DA:801,1
DA:802,1
DA:805,1
DA:806,1
DA:807,1
DA:808,1
DA:809,1
DA:811,1
DA:812,1
DA:814,1
DA:815,1
DA:818,1
DA:819,1
DA:820,1
DA:821,1
DA:822,1
DA:823,1
DA:824,1
DA:825,1
DA:826,1
DA:827,1
DA:828,1
DA:829,1
DA:830,1
DA:831,1
DA:832,1
DA:833,1
DA:834,1
DA:837,1
DA:838,1
DA:839,1
DA:840,1
DA:842,1
DA:844,1
DA:845,1
DA:846,1
DA:847,1
DA:850,1
DA:851,1
DA:852,1
DA:853,1
DA:855,1
DA:857,1
DA:859,1
DA:860,1
DA:862,1
DA:863,1
DA:864,1
BRF:0
BRH:0
LF:578
LH:561
end_of_record
SF:/home/quinten/Documents/Software_Development/muster/src/app/event.rs
FN:30,_RNvMNtNtCs3bOdyUEi4qt_6muster3app5eventNtB2_7Handler3new
FN:41,_RNvMNtNtCs3bOdyUEi4qt_6muster3app5eventNtB2_7Handler4next
FN:56,_RNvMNtNtCs3bOdyUEi4qt_6muster3app5eventNtB2_7Handler9tick_rate
FN:62,_RNvXs_NtNtCs3bOdyUEi4qt_6muster3app5eventNtB4_7HandlerNtNtCs4Vq2ZLagKfv_4core7default7Default7default
FN:30,_RNvMNtNtCs5Hx9zLFZsDi_6muster3app5eventNtB2_7Handler3new
FN:56,_RNvMNtNtCs5Hx9zLFZsDi_6muster3app5eventNtB2_7Handler9tick_rate
FN:93,_RNvNtNtNtCs5Hx9zLFZsDi_6muster3app5event5testss_16test_event_clone
FN:84,_RNvNtNtNtCs5Hx9zLFZsDi_6muster3app5event5testss_16test_event_debug
FN:72,_RNvNtNtNtCs5Hx9zLFZsDi_6muster3app5event5testss_22test_event_handler_new
FN:78,_RNvNtNtNtCs5Hx9zLFZsDi_6muster3app5event5testss_26test_event_handler_default
FN:62,_RNvXs_NtNtCs5Hx9zLFZsDi_6muster3app5eventNtB4_7HandlerNtNtCs4Vq2ZLagKfv_4core7default7Default7default
FN:41,_RNvMNtNtCs5Hx9zLFZsDi_6muster3app5eventNtB2_7Handler4next
FNDA:0,_RNvMNtNtCs3bOdyUEi4qt_6muster3app5eventNtB2_7Handler3new
FNDA:0,_RNvMNtNtCs3bOdyUEi4qt_6muster3app5eventNtB2_7Handler4next
FNDA:0,_RNvMNtNtCs3bOdyUEi4qt_6muster3app5eventNtB2_7Handler9tick_rate
FNDA:0,_RNvXs_NtNtCs3bOdyUEi4qt_6muster3app5eventNtB4_7HandlerNtNtCs4Vq2ZLagKfv_4core7default7Default7default
FNDA:2,_RNvMNtNtCs5Hx9zLFZsDi_6muster3app5eventNtB2_7Handler3new
FNDA:2,_RNvMNtNtCs5Hx9zLFZsDi_6muster3app5eventNtB2_7Handler9tick_rate
FNDA:1,_RNvNtNtNtCs5Hx9zLFZsDi_6muster3app5event5testss_16test_event_clone
FNDA:1,_RNvNtNtNtCs5Hx9zLFZsDi_6muster3app5event5testss_16test_event_debug
FNDA:1,_RNvNtNtNtCs5Hx9zLFZsDi_6muster3app5event5testss_22test_event_handler_new
FNDA:1,_RNvNtNtNtCs5Hx9zLFZsDi_6muster3app5event5testss_26test_event_handler_default
FNDA:1,_RNvXs_NtNtCs5Hx9zLFZsDi_6muster3app5eventNtB4_7HandlerNtNtCs4Vq2ZLagKfv_4core7default7Default7default
FNDA:0,_RNvMNtNtCs5Hx9zLFZsDi_6muster3app5eventNtB2_7Handler4next
FNF:8
FNH:7
DA:30,2
DA:31,2
DA:32,2
DA:33,2
DA:34,2
DA:41,0
DA:42,0
DA:43,0
DA:44,0
DA:45,0
DA:46,0
DA:47,0
DA:50,0
DA:52,0
DA:56,2
DA:57,2
DA:58,2
DA:62,1
DA:63,1
DA:64,1
DA:72,1
DA:73,1
DA:74,1
DA:75,1
DA:78,1
DA:79,1
DA:80,1
DA:81,1
DA:84,1
DA:85,1
DA:86,1
DA:88,1
DA:89,1
DA:90,1
DA:93,1
DA:94,1
DA:95,1
DA:96,1
DA:97,1
DA:98,1
BRF:0
BRH:0
LF:40
LH:31
end_of_record
SF:/home/quinten/Documents/Software_Development/muster/src/app/handler.rs
FN:232,_RNCNvMNtNtCs3bOdyUEi4qt_6muster3app7handlerNtB4_7Actions10kill_agent0B8_
FN:564,_RNCNvMNtNtCs3bOdyUEi4qt_6muster3app7handlerNtB4_7Actions10synthesize0B8_
FN:582,_RNCNvMNtNtCs3bOdyUEi4qt_6muster3app7handlerNtB4_7Actions10synthesizes0_0B8_
FN:588,_RNCNvMNtNtCs3bOdyUEi4qt_6muster3app7handlerNtB4_7Actions10synthesizes1_0B8_
FN:581,_RNCNvMNtNtCs3bOdyUEi4qt_6muster3app7handlerNtB4_7Actions10synthesizes_0B8_
FN:330,_RNCNvMNtNtCs3bOdyUEi4qt_6muster3app7handlerNtB4_7Actions11push_branch0B8_
FN:277,_RNCNvMNtNtCs3bOdyUEi4qt_6muster3app7handlerNtB4_7Actions12resume_agent0B8_
FN:446,_RNCNvMNtNtCs3bOdyUEi4qt_6muster3app7handlerNtB4_7Actions14spawn_children0B8_
FN:372,_RNCNvMNtNtCs3bOdyUEi4qt_6muster3app7handlerNtB4_7Actions14update_preview0B8_
FN:372,_RNCNvMNtNtCs3bOdyUEi4qt_6muster3app7handlerNtB4_7Actions14update_previews_0B8_
FN:315,_RNCNvMNtNtCs3bOdyUEi4qt_6muster3app7handlerNtB4_7Actions15attach_to_agent0B8_
FN:650,_RNCNvMNtNtCs3bOdyUEi4qt_6muster3app7handlerNtB4_7Actions19broadcast_to_leaves0B8_
FN:670,_RNCNvMNtNtCs3bOdyUEi4qt_6muster3app7handlerNtB4_7Actions19broadcast_to_leavess0_0B8_
FN:669,_RNCNvMNtNtCs3bOdyUEi4qt_6muster3app7handlerNtB4_7Actions19broadcast_to_leavess_0B8_
FN:201,_RNvMNtNtCs3bOdyUEi4qt_6muster3app7handlerNtB2_7Actions10kill_agent
FN:561,_RNvMNtNtCs3bOdyUEi4qt_6muster3app7handlerNtB2_7Actions10synthesize
FN:260,_RNvMNtNtCs3bOdyUEi4qt_6muster3app7handlerNtB2_7Actions11pause_agent
FN:327,_RNvMNtNtCs3bOdyUEi4qt_6muster3app7handlerNtB2_7Actions11push_branch
FN:399,_RNvMNtNtCs3bOdyUEi4qt_6muster3app7handlerNtB2_7Actions11update_diff
FN:146,_RNvMNtNtCs3bOdyUEi4qt_6muster3app7handlerNtB2_7Actions12create_agent
FN:275,_RNvMNtNtCs3bOdyUEi4qt_6muster3app7handlerNtB2_7Actions12resume_agent
FN:36,_RNvMNtNtCs3bOdyUEi4qt_6muster3app7handlerNtB2_7Actions13handle_action
FN:123,_RNvMNtNtCs3bOdyUEi4qt_6muster3app7handlerNtB2_7Actions14handle_confirm
FN:436,_RNvMNtNtCs3bOdyUEi4qt_6muster3app7handlerNtB2_7Actions14spawn_children
FN:364,_RNvMNtNtCs3bOdyUEi4qt_6muster3app7handlerNtB2_7Actions14update_preview
FN:312,_RNvMNtNtCs3bOdyUEi4qt_6muster3app7handlerNtB2_7Actions15attach_to_agent
FN:626,_RNvMNtNtCs3bOdyUEi4qt_6muster3app7handlerNtB2_7Actions15toggle_collapse
FN:735,_RNvMNtNtCs3bOdyUEi4qt_6muster3app7handlerNtB2_7Actions17sync_agent_status
FN:647,_RNvMNtNtCs3bOdyUEi4qt_6muster3app7handlerNtB2_7Actions19broadcast_to_leaves
FN:701,_RNvMNtNtCs3bOdyUEi4qt_6muster3app7handlerNtB2_7Actions20resize_agent_windows
FN:24,_RNvMNtNtCs3bOdyUEi4qt_6muster3app7handlerNtB2_7Actions3new
FN:338,_RNvMNtNtCs3bOdyUEi4qt_6muster3app7handlerNtB2_7Actions9reset_all
FN:761,_RNvXs_NtNtCs3bOdyUEi4qt_6muster3app7handlerNtB4_7ActionsNtNtCs4Vq2ZLagKfv_4core7default7Default7default
FN:232,_RNCNvMNtNtCs5Hx9zLFZsDi_6muster3app7handlerNtB4_7Actions10kill_agent0B8_
FN:564,_RNCNvMNtNtCs5Hx9zLFZsDi_6muster3app7handlerNtB4_7Actions10synthesize0B8_
FN:582,_RNCNvMNtNtCs5Hx9zLFZsDi_6muster3app7handlerNtB4_7Actions10synthesizes0_0B8_
FN:588,_RNCNvMNtNtCs5Hx9zLFZsDi_6muster3app7handlerNtB4_7Actions10synthesizes1_0B8_
FN:581,_RNCNvMNtNtCs5Hx9zLFZsDi_6muster3app7handlerNtB4_7Actions10synthesizes_0B8_
FN:330,_RNCNvMNtNtCs5Hx9zLFZsDi_6muster3app7handlerNtB4_7Actions11push_branch0B8_
FN:277,_RNCNvMNtNtCs5Hx9zLFZsDi_6muster3app7handlerNtB4_7Actions12resume_agent0B8_
FN:372,_RNCNvMNtNtCs5Hx9zLFZsDi_6muster3app7handlerNtB4_7Actions14update_preview0B8_
FN:372,_RNCNvMNtNtCs5Hx9zLFZsDi_6muster3app7handlerNtB4_7Actions14update_previews_0B8_
FN:315,_RNCNvMNtNtCs5Hx9zLFZsDi_6muster3app7handlerNtB4_7Actions15attach_to_agent0B8_
FN:650,_RNCNvMNtNtCs5Hx9zLFZsDi_6muster3app7handlerNtB4_7Actions19broadcast_to_leaves0B8_
FN:670,_RNCNvMNtNtCs5Hx9zLFZsDi_6muster3app7handlerNtB4_7Actions19broadcast_to_leavess0_0B8_
FN:669,_RNCNvMNtNtCs5Hx9zLFZsDi_6muster3app7handlerNtB4_7Actions19broadcast_to_leavess_0B8_
FN:201,_RNvMNtNtCs5Hx9zLFZsDi_6muster3app7handlerNtB2_7Actions10kill_agent
FN:561,_RNvMNtNtCs5Hx9zLFZsDi_6muster3app7handlerNtB2_7Actions10synthesize
FN:260,_RNvMNtNtCs5Hx9zLFZsDi_6muster3app7handlerNtB2_7Actions11pause_agent
FN:327,_RNvMNtNtCs5Hx9zLFZsDi_6muster3app7handlerNtB2_7Actions11push_branch
FN:399,_RNvMNtNtCs5Hx9zLFZsDi_6muster3app7handlerNtB2_7Actions11update_diff
FN:146,_RNvMNtNtCs5Hx9zLFZsDi_6muster3app7handlerNtB2_7Actions12create_agent
FN:275,_RNvMNtNtCs5Hx9zLFZsDi_6muster3app7handlerNtB2_7Actions12resume_agent
FN:36,_RNvMNtNtCs5Hx9zLFZsDi_6muster3app7handlerNtB2_7Actions13handle_action
FN:123,_RNvMNtNtCs5Hx9zLFZsDi_6muster3app7handlerNtB2_7Actions14handle_confirm
FN:364,_RNvMNtNtCs5Hx9zLFZsDi_6muster3app7handlerNtB2_7Actions14update_preview
FN:312,_RNvMNtNtCs5Hx9zLFZsDi_6muster3app7handlerNtB2_7Actions15attach_to_agent
FN:626,_RNvMNtNtCs5Hx9zLFZsDi_6muster3app7handlerNtB2_7Actions15toggle_collapse
FN:735,_RNvMNtNtCs5Hx9zLFZsDi_6muster3app7handlerNtB2_7Actions17sync_agent_status
FN:647,_RNvMNtNtCs5Hx9zLFZsDi_6muster3app7handlerNtB2_7Actions19broadcast_to_leaves
FN:701,_RNvMNtNtCs5Hx9zLFZsDi_6muster3app7handlerNtB2_7Actions20resize_agent_windows
FN:24,_RNvMNtNtCs5Hx9zLFZsDi_6muster3app7handlerNtB2_7Actions3new
FN:338,_RNvMNtNtCs5Hx9zLFZsDi_6muster3app7handlerNtB2_7Actions9reset_all
FN:772,_RNvNtNtNtCs5Hx9zLFZsDi_6muster3app7handler5tests15create_test_app
FN:777,_RNvNtNtNtCs5Hx9zLFZsDi_6muster3app7handler5testss_16test_handler_new
FN:783,_RNvNtNtNtCs5Hx9zLFZsDi_6muster3app7handler5testss_20test_handler_default
FN:960,_RNvNtNtNtCs5Hx9zLFZsDi_6muster3app7handler5testss_22test_sync_agent_status
FN:809,_RNvNtNtNtCs5Hx9zLFZsDi_6muster3app7handler5testss_23test_handle_action_help
FN:1031,_RNvNtNtNtCs5Hx9zLFZsDi_6muster3app7handler5testss_24test_handle_confirm_kill
FN:1017,_RNvNtNtNtCs5Hx9zLFZsDi_6muster3app7handler5testss_24test_handle_confirm_quit
FN:1417,_RNvNtNtNtCs5Hx9zLFZsDi_6muster3app7handler5testss_24test_synthesize_no_agent
FN:881,_RNvNtNtNtCs5Hx9zLFZsDi_6muster3app7handler5testss_25test_handle_action_cancel
FN:865,_RNvNtNtNtCs5Hx9zLFZsDi_6muster3app7handler5testss_25test_handle_action_scroll
FN:1057,_RNvNtNtNtCs5Hx9zLFZsDi_6muster3app7handler5testss_25test_handle_confirm_reset
FN:912,_RNvNtNtNtCs5Hx9zLFZsDi_6muster3app7handler5testss_25test_handle_kill_no_agent
FN:951,_RNvNtNtNtCs5Hx9zLFZsDi_6muster3app7handler5testss_25test_handle_push_no_agent
FN:1326,_RNvNtNtNtCs5Hx9zLFZsDi_6muster3app7handler5testss_25test_handle_scroll_bottom
FN:902,_RNvNtNtNtCs5Hx9zLFZsDi_6muster3app7handler5testss_25test_update_diff_no_agent
FN:931,_RNvNtNtNtCs5Hx9zLFZsDi_6muster3app7handler5testss_26test_handle_pause_no_agent
FN:922,_RNvNtNtNtCs5Hx9zLFZsDi_6muster3app7handler5testss_27test_handle_attach_no_agent
FN:994,_RNvNtNtNtCs5Hx9zLFZsDi_6muster3app7handler5testss_27test_handle_kill_with_agent
FN:1363,_RNvNtNtNtCs5Hx9zLFZsDi_6muster3app7handler5testss_27test_handle_push_with_agent
FN:941,_RNvNtNtNtCs5Hx9zLFZsDi_6muster3app7handler5testss_27test_handle_resume_no_agent
FN:1427,_RNvNtNtNtCs5Hx9zLFZsDi_6muster3app7handler5testss_27test_synthesize_no_children
FN:789,_RNvNtNtNtCs5Hx9zLFZsDi_6muster3app7handler5testss_28test_handle_action_new_agent
FN:892,_RNvNtNtNtCs5Hx9zLFZsDi_6muster3app7handler5testss_28test_update_preview_no_agent
FN:1337,_RNvNtNtNtCs5Hx9zLFZsDi_6muster3app7handler5testss_29test_create_agent_max_reached
FN:839,_RNvNtNtNtCs5Hx9zLFZsDi_6muster3app7handler5testss_29test_handle_action_navigation
FN:829,_RNvNtNtNtCs5Hx9zLFZsDi_6muster3app7handler5testss_29test_handle_action_switch_tab
FN:1490,_RNvNtNtNtCs5Hx9zLFZsDi_6muster3app7handler5testss_29test_handle_action_synthesize
FN:1386,_RNvNtNtNtCs5Hx9zLFZsDi_6muster3app7handler5testss_29test_toggle_collapse_no_agent
FN:1466,_RNvNtNtNtCs5Hx9zLFZsDi_6muster3app7handler5testss_31test_handle_action_add_children
FN:1396,_RNvNtNtNtCs5Hx9zLFZsDi_6muster3app7handler5testss_32test_toggle_collapse_no_children
FN:1542,_RNvNtNtNtCs5Hx9zLFZsDi_6muster3app7handler5testss_33test_broadcast_to_leaves_no_agent
FN:819,_RNvNtNtNtCs5Hx9zLFZsDi_6muster3app7handler5testss_33test_handle_action_quit_no_agents
FN:1455,_RNvNtNtNtCs5Hx9zLFZsDi_6muster3app7handler5testss_33test_handle_action_spawn_children
FN:1500,_RNvNtNtNtCs5Hx9zLFZsDi_6muster3app7handler5testss_34test_handle_action_toggle_collapse
FN:1275,_RNvNtNtNtCs5Hx9zLFZsDi_6muster3app7handler5testss_34test_sync_agent_status_with_agents
FN:1184,_RNvNtNtNtCs5Hx9zLFZsDi_6muster3app7handler5testss_36test_handle_attach_session_not_found
FN:1085,_RNvNtNtNtCs5Hx9zLFZsDi_6muster3app7handler5testss_36test_handle_pause_with_running_agent
FN:1111,_RNvNtNtNtCs5Hx9zLFZsDi_6muster3app7handler5testss_36test_handle_pause_with_stopped_agent
FN:969,_RNvNtNtNtCs5Hx9zLFZsDi_6muster3app7handler5testss_36test_handle_quit_with_running_agents
FN:1136,_RNvNtNtNtCs5Hx9zLFZsDi_6muster3app7handler5testss_36test_handle_resume_with_paused_agent
FN:1510,_RNvNtNtNtCs5Hx9zLFZsDi_6muster3app7handler5testss_37test_handle_action_broadcast_no_agent
FN:1159,_RNvNtNtNtCs5Hx9zLFZsDi_6muster3app7handler5testss_37test_handle_resume_with_running_agent
FN:1521,_RNvNtNtNtCs5Hx9zLFZsDi_6muster3app7handler5testss_39test_handle_action_broadcast_with_agent
FN:1552,_RNvNtNtNtCs5Hx9zLFZsDi_6muster3app7handler5testss_39test_resize_agent_windows_no_dimensions
FN:1228,_RNvNtNtNtCs5Hx9zLFZsDi_6muster3app7handler5testss_39test_update_diff_with_agent_no_worktree
FN:799,_RNvNtNtNtCs5Hx9zLFZsDi_6muster3app7handler5testss_40test_handle_action_new_agent_with_prompt
FN:1562,_RNvNtNtNtCs5Hx9zLFZsDi_6muster3app7handler5testss_41test_resize_agent_windows_with_dimensions
FN:1206,_RNvNtNtNtCs5Hx9zLFZsDi_6muster3app7handler5testss_41test_update_preview_with_agent_no_session
FN:1250,_RNvNtNtNtCs5Hx9zLFZsDi_6muster3app7handler5testss_42test_update_diff_with_agent_valid_worktree
FN:1587,_RNvNtNtNtCs5Hx9zLFZsDi_6muster3app7handler5testss_43test_resize_agent_windows_with_child_agents
FN:761,_RNvXs_NtNtCs5Hx9zLFZsDi_6muster3app7handlerNtB4_7ActionsNtNtCs4Vq2ZLagKfv_4core7default7Default7default
FN:446,_RNCNvMNtNtCs5Hx9zLFZsDi_6muster3app7handlerNtB4_7Actions14spawn_children0B8_
FN:436,_RNvMNtNtCs5Hx9zLFZsDi_6muster3app7handlerNtB2_7Actions14spawn_children
FNDA:0,_RNCNvMNtNtCs3bOdyUEi4qt_6muster3app7handlerNtB4_7Actions10kill_agent0B8_
FNDA:0,_RNCNvMNtNtCs3bOdyUEi4qt_6muster3app7handlerNtB4_7Actions10synthesize0B8_
FNDA:0,_RNCNvMNtNtCs3bOdyUEi4qt_6muster3app7handlerNtB4_7Actions10synthesizes0_0B8_
FNDA:0,_RNCNvMNtNtCs3bOdyUEi4qt_6muster3app7handlerNtB4_7Actions10synthesizes1_0B8_
FNDA:0,_RNCNvMNtNtCs3bOdyUEi4qt_6muster3app7handlerNtB4_7Actions10synthesizes_0B8_
FNDA:0,_RNCNvMNtNtCs3bOdyUEi4qt_6muster3app7handlerNtB4_7Actions11push_branch0B8_
FNDA:2,_RNCNvMNtNtCs3bOdyUEi4qt_6muster3app7handlerNtB4_7Actions12resume_agent0B8_
FNDA:0,_RNCNvMNtNtCs3bOdyUEi4qt_6muster3app7handlerNtB4_7Actions14spawn_children0B8_
FNDA:0,_RNCNvMNtNtCs3bOdyUEi4qt_6muster3app7handlerNtB4_7Actions14update_preview0B8_
FNDA:0,_RNCNvMNtNtCs3bOdyUEi4qt_6muster3app7handlerNtB4_7Actions14update_previews_0B8_
FNDA:0,_RNCNvMNtNtCs3bOdyUEi4qt_6muster3app7handlerNtB4_7Actions15attach_to_agent0B8_
FNDA:1,_RNCNvMNtNtCs3bOdyUEi4qt_6muster3app7handlerNtB4_7Actions19broadcast_to_leaves0B8_
FNDA:0,_RNCNvMNtNtCs3bOdyUEi4qt_6muster3app7handlerNtB4_7Actions19broadcast_to_leavess0_0B8_
FNDA:0,_RNCNvMNtNtCs3bOdyUEi4qt_6muster3app7handlerNtB4_7Actions19broadcast_to_leavess_0B8_
FNDA:2,_RNvMNtNtCs3bOdyUEi4qt_6muster3app7handlerNtB2_7Actions10kill_agent
FNDA:0,_RNvMNtNtCs3bOdyUEi4qt_6muster3app7handlerNtB2_7Actions10synthesize
FNDA:2,_RNvMNtNtCs3bOdyUEi4qt_6muster3app7handlerNtB2_7Actions11pause_agent
FNDA:1,_RNvMNtNtCs3bOdyUEi4qt_6muster3app7handlerNtB2_7Actions11push_branch
FNDA:1,_RNvMNtNtCs3bOdyUEi4qt_6muster3app7handlerNtB2_7Actions11update_diff
FNDA:17,_RNvMNtNtCs3bOdyUEi4qt_6muster3app7handlerNtB2_7Actions12create_agent
FNDA:2,_RNvMNtNtCs3bOdyUEi4qt_6muster3app7handlerNtB2_7Actions12resume_agent
FNDA:29,_RNvMNtNtCs3bOdyUEi4qt_6muster3app7handlerNtB2_7Actions13handle_action
FNDA:5,_RNvMNtNtCs3bOdyUEi4qt_6muster3app7handlerNtB2_7Actions14handle_confirm
FNDA:0,_RNvMNtNtCs3bOdyUEi4qt_6muster3app7handlerNtB2_7Actions14spawn_children
FNDA:1,_RNvMNtNtCs3bOdyUEi4qt_6muster3app7handlerNtB2_7Actions14update_preview
FNDA:1,_RNvMNtNtCs3bOdyUEi4qt_6muster3app7handlerNtB2_7Actions15attach_to_agent
FNDA:0,_RNvMNtNtCs3bOdyUEi4qt_6muster3app7handlerNtB2_7Actions15toggle_collapse
FNDA:2,_RNvMNtNtCs3bOdyUEi4qt_6muster3app7handlerNtB2_7Actions17sync_agent_status
FNDA:1,_RNvMNtNtCs3bOdyUEi4qt_6muster3app7handlerNtB2_7Actions19broadcast_to_leaves
FNDA:1,_RNvMNtNtCs3bOdyUEi4qt_6muster3app7handlerNtB2_7Actions20resize_agent_windows
FNDA:51,_RNvMNtNtCs3bOdyUEi4qt_6muster3app7handlerNtB2_7Actions3new
FNDA:1,_RNvMNtNtCs3bOdyUEi4qt_6muster3app7handlerNtB2_7Actions9reset_all
FNDA:0,_RNvXs_NtNtCs3bOdyUEi4qt_6muster3app7handlerNtB4_7ActionsNtNtCs4Vq2ZLagKfv_4core7default7Default7default
FNDA:0,_RNCNvMNtNtCs5Hx9zLFZsDi_6muster3app7handlerNtB4_7Actions10kill_agent0B8_
FNDA:2,_RNCNvMNtNtCs5Hx9zLFZsDi_6muster3app7handlerNtB4_7Actions10synthesize0B8_
FNDA:0,_RNCNvMNtNtCs5Hx9zLFZsDi_6muster3app7handlerNtB4_7Actions10synthesizes0_0B8_
FNDA:0,_RNCNvMNtNtCs5Hx9zLFZsDi_6muster3app7handlerNtB4_7Actions10synthesizes1_0B8_
FNDA:0,_RNCNvMNtNtCs5Hx9zLFZsDi_6muster3app7handlerNtB4_7Actions10synthesizes_0B8_
FNDA:1,_RNCNvMNtNtCs5Hx9zLFZsDi_6muster3app7handlerNtB4_7Actions11push_branch0B8_
FNDA:2,_RNCNvMNtNtCs5Hx9zLFZsDi_6muster3app7handlerNtB4_7Actions12resume_agent0B8_
FNDA:0,_RNCNvMNtNtCs5Hx9zLFZsDi_6muster3app7handlerNtB4_7Actions14update_preview0B8_
FNDA:0,_RNCNvMNtNtCs5Hx9zLFZsDi_6muster3app7handlerNtB4_7Actions14update_previews_0B8_
FNDA:1,_RNCNvMNtNtCs5Hx9zLFZsDi_6muster3app7handlerNtB4_7Actions15attach_to_agent0B8_
FNDA:1,_RNCNvMNtNtCs5Hx9zLFZsDi_6muster3app7handlerNtB4_7Actions19broadcast_to_leaves0B8_
FNDA:0,_RNCNvMNtNtCs5Hx9zLFZsDi_6muster3app7handlerNtB4_7Actions19broadcast_to_leavess0_0B8_
FNDA:0,_RNCNvMNtNtCs5Hx9zLFZsDi_6muster3app7handlerNtB4_7Actions19broadcast_to_leavess_0B8_
FNDA:1,_RNvMNtNtCs5Hx9zLFZsDi_6muster3app7handlerNtB2_7Actions10kill_agent
FNDA:3,_RNvMNtNtCs5Hx9zLFZsDi_6muster3app7handlerNtB2_7Actions10synthesize
FNDA:3,_RNvMNtNtCs5Hx9zLFZsDi_6muster3app7handlerNtB2_7Actions11pause_agent
FNDA:2,_RNvMNtNtCs5Hx9zLFZsDi_6muster3app7handlerNtB2_7Actions11push_branch
FNDA:3,_RNvMNtNtCs5Hx9zLFZsDi_6muster3app7handlerNtB2_7Actions11update_diff
FNDA:1,_RNvMNtNtCs5Hx9zLFZsDi_6muster3app7handlerNtB2_7Actions12create_agent
FNDA:3,_RNvMNtNtCs5Hx9zLFZsDi_6muster3app7handlerNtB2_7Actions12resume_agent
FNDA:34,_RNvMNtNtCs5Hx9zLFZsDi_6muster3app7handlerNtB2_7Actions13handle_action
FNDA:3,_RNvMNtNtCs5Hx9zLFZsDi_6muster3app7handlerNtB2_7Actions14handle_confirm
FNDA:2,_RNvMNtNtCs5Hx9zLFZsDi_6muster3app7handlerNtB2_7Actions14update_preview
FNDA:2,_RNvMNtNtCs5Hx9zLFZsDi_6muster3app7handlerNtB2_7Actions15attach_to_agent
FNDA:3,_RNvMNtNtCs5Hx9zLFZsDi_6muster3app7handlerNtB2_7Actions15toggle_collapse
FNDA:2,_RNvMNtNtCs5Hx9zLFZsDi_6muster3app7handlerNtB2_7Actions17sync_agent_status
FNDA:1,_RNvMNtNtCs5Hx9zLFZsDi_6muster3app7handlerNtB2_7Actions19broadcast_to_leaves
FNDA:3,_RNvMNtNtCs5Hx9zLFZsDi_6muster3app7handlerNtB2_7Actions20resize_agent_windows
FNDA:49,_RNvMNtNtCs5Hx9zLFZsDi_6muster3app7handlerNtB2_7Actions3new
FNDA:1,_RNvMNtNtCs5Hx9zLFZsDi_6muster3app7handlerNtB2_7Actions9reset_all
FNDA:47,_RNvNtNtNtCs5Hx9zLFZsDi_6muster3app7handler5tests15create_test_app
FNDA:1,_RNvNtNtNtCs5Hx9zLFZsDi_6muster3app7handler5testss_16test_handler_new
FNDA:1,_RNvNtNtNtCs5Hx9zLFZsDi_6muster3app7handler5testss_20test_handler_default
FNDA:1,_RNvNtNtNtCs5Hx9zLFZsDi_6muster3app7handler5testss_22test_sync_agent_status
FNDA:1,_RNvNtNtNtCs5Hx9zLFZsDi_6muster3app7handler5testss_23test_handle_action_help
FNDA:1,_RNvNtNtNtCs5Hx9zLFZsDi_6muster3app7handler5testss_24test_handle_confirm_kill
FNDA:1,_RNvNtNtNtCs5Hx9zLFZsDi_6muster3app7handler5testss_24test_handle_confirm_quit
FNDA:1,_RNvNtNtNtCs5Hx9zLFZsDi_6muster3app7handler5testss_24test_synthesize_no_agent
FNDA:1,_RNvNtNtNtCs5Hx9zLFZsDi_6muster3app7handler5testss_25test_handle_action_cancel
FNDA:1,_RNvNtNtNtCs5Hx9zLFZsDi_6muster3app7handler5testss_25test_handle_action_scroll
FNDA:1,_RNvNtNtNtCs5Hx9zLFZsDi_6muster3app7handler5testss_25test_handle_confirm_reset
FNDA:1,_RNvNtNtNtCs5Hx9zLFZsDi_6muster3app7handler5testss_25test_handle_kill_no_agent
FNDA:1,_RNvNtNtNtCs5Hx9zLFZsDi_6muster3app7handler5testss_25test_handle_push_no_agent
FNDA:1,_RNvNtNtNtCs5Hx9zLFZsDi_6muster3app7handler5testss_25test_handle_scroll_bottom
FNDA:1,_RNvNtNtNtCs5Hx9zLFZsDi_6muster3app7handler5testss_25test_update_diff_no_agent
FNDA:1,_RNvNtNtNtCs5Hx9zLFZsDi_6muster3app7handler5testss_26test_handle_pause_no_agent
FNDA:1,_RNvNtNtNtCs5Hx9zLFZsDi_6muster3app7handler5testss_27test_handle_attach_no_agent
FNDA:1,_RNvNtNtNtCs5Hx9zLFZsDi_6muster3app7handler5testss_27test_handle_kill_with_agent
FNDA:1,_RNvNtNtNtCs5Hx9zLFZsDi_6muster3app7handler5testss_27test_handle_push_with_agent
FNDA:1,_RNvNtNtNtCs5Hx9zLFZsDi_6muster3app7handler5testss_27test_handle_resume_no_agent
FNDA:1,_RNvNtNtNtCs5Hx9zLFZsDi_6muster3app7handler5testss_27test_synthesize_no_children
FNDA:1,_RNvNtNtNtCs5Hx9zLFZsDi_6muster3app7handler5testss_28test_handle_action_new_agent
FNDA:1,_RNvNtNtNtCs5Hx9zLFZsDi_6muster3app7handler5testss_28test_update_preview_no_agent
FNDA:1,_RNvNtNtNtCs5Hx9zLFZsDi_6muster3app7handler5testss_29test_create_agent_max_reached
FNDA:1,_RNvNtNtNtCs5Hx9zLFZsDi_6muster3app7handler5testss_29test_handle_action_navigation
FNDA:1,_RNvNtNtNtCs5Hx9zLFZsDi_6muster3app7handler5testss_29test_handle_action_switch_tab
FNDA:1,_RNvNtNtNtCs5Hx9zLFZsDi_6muster3app7handler5testss_29test_handle_action_synthesize
FNDA:1,_RNvNtNtNtCs5Hx9zLFZsDi_6muster3app7handler5testss_29test_toggle_collapse_no_agent
FNDA:1,_RNvNtNtNtCs5Hx9zLFZsDi_6muster3app7handler5testss_31test_handle_action_add_children
FNDA:1,_RNvNtNtNtCs5Hx9zLFZsDi_6muster3app7handler5testss_32test_toggle_collapse_no_children
FNDA:1,_RNvNtNtNtCs5Hx9zLFZsDi_6muster3app7handler5testss_33test_broadcast_to_leaves_no_agent
FNDA:1,_RNvNtNtNtCs5Hx9zLFZsDi_6muster3app7handler5testss_33test_handle_action_quit_no_agents
FNDA:1,_RNvNtNtNtCs5Hx9zLFZsDi_6muster3app7handler5testss_33test_handle_action_spawn_children
FNDA:1,_RNvNtNtNtCs5Hx9zLFZsDi_6muster3app7handler5testss_34test_handle_action_toggle_collapse
FNDA:1,_RNvNtNtNtCs5Hx9zLFZsDi_6muster3app7handler5testss_34test_sync_agent_status_with_agents
FNDA:1,_RNvNtNtNtCs5Hx9zLFZsDi_6muster3app7handler5testss_36test_handle_attach_session_not_found
FNDA:1,_RNvNtNtNtCs5Hx9zLFZsDi_6muster3app7handler5testss_36test_handle_pause_with_running_agent
FNDA:1,_RNvNtNtNtCs5Hx9zLFZsDi_6muster3app7handler5testss_36test_handle_pause_with_stopped_agent
FNDA:1,_RNvNtNtNtCs5Hx9zLFZsDi_6muster3app7handler5testss_36test_handle_quit_with_running_agents
FNDA:1,_RNvNtNtNtCs5Hx9zLFZsDi_6muster3app7handler5testss_36test_handle_resume_with_paused_agent
FNDA:1,_RNvNtNtNtCs5Hx9zLFZsDi_6muster3app7handler5testss_37test_handle_action_broadcast_no_agent
FNDA:1,_RNvNtNtNtCs5Hx9zLFZsDi_6muster3app7handler5testss_37test_handle_resume_with_running_agent
FNDA:1,_RNvNtNtNtCs5Hx9zLFZsDi_6muster3app7handler5testss_39test_handle_action_broadcast_with_agent
FNDA:1,_RNvNtNtNtCs5Hx9zLFZsDi_6muster3app7handler5testss_39test_resize_agent_windows_no_dimensions
FNDA:1,_RNvNtNtNtCs5Hx9zLFZsDi_6muster3app7handler5testss_39test_update_diff_with_agent_no_worktree
FNDA:1,_RNvNtNtNtCs5Hx9zLFZsDi_6muster3app7handler5testss_40test_handle_action_new_agent_with_prompt
FNDA:1,_RNvNtNtNtCs5Hx9zLFZsDi_6muster3app7handler5testss_41test_resize_agent_windows_with_dimensions
FNDA:1,_RNvNtNtNtCs5Hx9zLFZsDi_6muster3app7handler5testss_41test_update_preview_with_agent_no_session
FNDA:1,_RNvNtNtNtCs5Hx9zLFZsDi_6muster3app7handler5testss_42test_update_diff_with_agent_valid_worktree
FNDA:1,_RNvNtNtNtCs5Hx9zLFZsDi_6muster3app7handler5testss_43test_resize_agent_windows_with_child_agents
FNDA:1,_RNvXs_NtNtCs5Hx9zLFZsDi_6muster3app7handlerNtB4_7ActionsNtNtCs4Vq2ZLagKfv_4core7default7Default7default
FNDA:0,_RNCNvMNtNtCs5Hx9zLFZsDi_6muster3app7handlerNtB4_7Actions14spawn_children0B8_
FNDA:0,_RNvMNtNtCs5Hx9zLFZsDi_6muster3app7handlerNtB2_7Actions14spawn_children
FNF:83
FNH:73
DA:24,100
DA:25,100
DA:26,100
DA:27,100
DA:28,100
DA:29,100
DA:36,63
DA:37,63
DA:38,2
DA:39,2
DA:40,2
DA:41,2
DA:42,2
DA:43,2
DA:45,3
DA:48,2
DA:49,1
DA:50,1
DA:53,3
DA:56,5
DA:59,5
DA:61,2
DA:62,2
DA:63,2
DA:64,4
DA:65,4
DA:66,4
DA:67,4
DA:68,4
DA:69,4
DA:70,2
DA:71,2
DA:72,2
DA:74,3
DA:75,1
DA:76,2
DA:77,2
DA:78,2
DA:80,2
DA:81,2
DA:82,2
DA:83,2
DA:84,2
DA:85,2
DA:86,3
DA:87,3
DA:88,3
DA:89,3
DA:90,3
DA:91,3
DA:92,2
DA:93,2
DA:94,2
DA:96,8
DA:98,1
DA:99,1
DA:100,1
DA:102,1
DA:103,1
DA:104,1
DA:105,1
DA:108,1
DA:111,1
DA:114,2
DA:115,1
DA:116,1
DA:119,58
DA:120,63
DA:123,8
DA:124,8
DA:125,8
DA:127,3
DA:130,2
DA:132,3
DA:133,3
DA:134,3
DA:136,0
DA:137,8
DA:138,8
DA:139,8
DA:146,18
DA:147,18
DA:148,1
DA:149,1
DA:152,1
DA:153,17
DA:155,17
DA:156,17
DA:157,17
DA:158,17
DA:160,17
DA:163,17
DA:164,0
DA:165,17
DA:167,17
DA:169,17
DA:170,17
DA:171,17
DA:172,17
DA:173,17
DA:174,17
DA:177,17
DA:178,17
DA:179,2
DA:180,2
DA:181,15
DA:183,17
DA:184,17
DA:187,17
DA:188,1
DA:189,1
DA:190,1
DA:191,16
DA:193,17
DA:194,17
DA:196,17
DA:197,17
DA:198,18
DA:201,3
DA:202,3
DA:203,2
DA:204,2
DA:205,2
DA:206,2
DA:207,2
DA:209,2
DA:212,2
DA:213,2
DA:214,0
DA:215,0
DA:216,0
DA:220,2
DA:223,2
DA:224,2
DA:225,2
DA:226,2
DA:227,2
DA:231,0
DA:232,0
DA:235,0
DA:236,0
DA:237,0
DA:238,0
DA:239,0
DA:243,0
DA:244,0
DA:245,0
DA:249,2
DA:251,2
DA:252,2
DA:254,2
DA:255,1
DA:256,3
DA:257,3
DA:260,5
DA:261,5
DA:262,4
DA:263,3
DA:264,3
DA:265,3
DA:266,3
DA:267,1
DA:268,1
DA:269,1
DA:270,1
DA:271,5
DA:272,5
DA:275,5
DA:277,5
DA:278,4
DA:279,3
DA:280,3
DA:281,3
DA:282,3
DA:283,3
DA:285,1
DA:287,4
DA:289,5
DA:291,5
DA:292,3
DA:293,3
DA:296,3
DA:297,0
DA:298,3
DA:300,3
DA:301,3
DA:302,3
DA:303,3
DA:304,3
DA:305,2
DA:306,1
DA:307,1
DA:308,5
DA:309,5
DA:312,3
DA:313,3
DA:314,3
DA:315,3
DA:317,2
DA:318,0
DA:319,0
DA:321,2
DA:322,2
DA:324,3
DA:327,3
DA:328,3
DA:329,3
DA:330,3
DA:332,2
DA:333,2
DA:334,2
DA:335,3
DA:338,2
DA:339,2
DA:340,2
DA:342,5
DA:343,5
DA:345,5
DA:346,5
DA:347,5
DA:348,5
DA:351,2
DA:352,2
DA:353,2
DA:355,2
DA:356,2
DA:357,2
DA:364,3
DA:365,3
DA:367,2
DA:369,0
DA:370,0
DA:371,0
DA:372,0
DA:373,0
DA:376,2
DA:379,2
DA:380,0
DA:381,0
DA:382,0
DA:383,0
DA:384,0
DA:385,2
DA:386,2
DA:387,2
DA:388,1
DA:389,1
DA:390,1
DA:391,3
DA:392,3
DA:399,4
DA:400,4
DA:401,3
DA:402,2
DA:403,1
DA:404,1
DA:406,1
DA:407,1
DA:408,0
DA:409,0
DA:410,0
DA:412,1
DA:413,1
DA:414,1
DA:416,1
DA:417,1
DA:418,1
DA:419,1
DA:420,1
DA:421,1
DA:422,1
DA:423,1
DA:424,1
DA:425,1
DA:426,4
DA:427,4
DA:436,0
DA:437,0
DA:438,0
DA:441,0
DA:443,0
DA:444,0
DA:445,0
DA:446,0
DA:447,0
DA:448,0
DA:449,0
DA:450,0
DA:451,0
DA:452,0
DA:455,0
DA:456,0
DA:458,0
DA:460,0
DA:461,0
DA:462,0
DA:463,0
DA:465,0
DA:466,0
DA:468,0
DA:469,0
DA:470,0
DA:471,0
DA:472,0
DA:473,0
DA:476,0
DA:477,0
DA:480,0
DA:481,0
DA:482,0
DA:483,0
DA:484,0
DA:487,0
DA:488,0
DA:489,0
DA:490,0
DA:491,0
DA:493,0
DA:494,0
DA:498,0
DA:499,0
DA:500,0
DA:503,0
DA:505,0
DA:506,0
DA:507,0
DA:508,0
DA:509,0
DA:510,0
DA:511,0
DA:512,0
DA:513,0
DA:514,0
DA:515,0
DA:519,0
DA:520,0
DA:522,0
DA:524,0
DA:525,0
DA:526,0
DA:527,0
DA:528,0
DA:529,0
DA:532,0
DA:533,0
DA:534,0
DA:535,0
DA:536,0
DA:537,0
DA:540,0
DA:541,0
DA:543,0
DA:547,0
DA:548,0
DA:549,0
DA:551,0
DA:552,0
DA:553,0
DA:554,0
DA:561,3
DA:562,3
DA:563,3
DA:564,3
DA:566,1
DA:567,1
DA:568,1
DA:569,0
DA:571,0
DA:572,0
DA:575,0
DA:576,0
DA:578,0
DA:580,0
DA:581,0
DA:582,0
DA:585,0
DA:586,0
DA:587,0
DA:588,0
DA:590,0
DA:594,0
DA:597,0
DA:598,0
DA:601,0
DA:602,0
DA:604,0
DA:605,0
DA:606,0
DA:607,0
DA:608,0
DA:609,0
DA:610,0
DA:612,0
DA:615,0
DA:616,0
DA:617,0
DA:618,0
DA:619,3
DA:626,3
DA:627,3
DA:628,1
DA:629,1
DA:630,0
DA:632,0
DA:633,0
DA:634,1
DA:635,2
DA:636,3
DA:637,3
DA:647,2
DA:648,2
DA:649,2
DA:650,2
DA:652,0
DA:653,0
DA:656,0
DA:657,0
DA:660,0
DA:661,0
DA:662,0
DA:665,0
DA:667,0
DA:668,0
DA:669,0
DA:670,0
DA:672,0
DA:675,0
DA:679,0
DA:680,0
DA:681,0
DA:682,0
DA:683,0
DA:684,0
DA:685,0
DA:686,0
DA:689,0
DA:690,0
DA:691,0
DA:692,0
DA:693,0
DA:695,0
DA:696,2
DA:701,4
DA:702,4
DA:703,1
DA:706,4
DA:707,4
DA:709,3
DA:710,0
DA:711,0
DA:712,0
DA:713,3
DA:714,1
DA:716,1
DA:717,1
DA:718,1
DA:719,0
DA:720,0
DA:721,0
DA:722,0
DA:723,0
DA:724,0
DA:725,1
DA:726,0
DA:728,4
DA:735,4
DA:736,4
DA:738,5
DA:739,5
DA:740,3
DA:741,0
DA:742,0
DA:743,0
DA:744,0
DA:745,3
DA:746,3
DA:747,3
DA:748,3
DA:749,2
DA:752,4
DA:753,2
DA:754,2
DA:756,4
DA:757,4
DA:761,1
DA:762,1
DA:763,1
DA:772,47
DA:773,47
DA:774,47
DA:777,1
DA:778,1
DA:779,1
DA:780,1
DA:783,1
DA:784,1
DA:785,1
DA:786,1
DA:789,1
DA:790,1
DA:791,1
DA:793,1
DA:794,1
DA:795,1
DA:796,1
DA:799,1
DA:800,1
DA:801,1
DA:803,1
DA:804,1
DA:805,1
DA:806,1
DA:809,1
DA:810,1
DA:811,1
DA:813,1
DA:814,1
DA:815,1
DA:816,1
DA:819,1
DA:820,1
DA:821,1
DA:823,1
DA:824,1
DA:825,1
DA:826,1
DA:829,1
DA:830,1
DA:831,1
DA:833,1
DA:834,1
DA:835,1
DA:836,1
DA:839,1
DA:843,1
DA:844,1
DA:846,4
DA:847,3
DA:848,3
DA:849,3
DA:850,3
DA:851,3
DA:852,3
DA:853,3
DA:854,3
DA:856,1
DA:857,1
DA:858,1
DA:859,1
DA:860,1
DA:861,1
DA:862,1
DA:865,1
DA:866,1
DA:867,1
DA:869,1
DA:870,1
DA:872,1
DA:873,1
DA:875,1
DA:876,1
DA:877,1
DA:878,1
DA:881,1
DA:882,1
DA:883,1
DA:885,1
DA:886,1
DA:887,1
DA:888,1
DA:889,1
DA:892,1
DA:893,1
DA:894,1
DA:896,1
DA:897,1
DA:898,1
DA:899,1
DA:902,1
DA:903,1
DA:904,1
DA:906,1
DA:907,1
DA:908,1
DA:909,1
DA:912,1
DA:913,1
DA:914,1
DA:916,1
DA:917,1
DA:918,1
DA:919,1
DA:922,1
DA:923,1
DA:924,1
DA:926,1
DA:927,1
DA:928,1
DA:931,1
DA:932,1
DA:933,1
DA:935,1
DA:936,1
DA:937,1
DA:938,1
DA:941,1
DA:942,1
DA:943,1
DA:945,1
DA:946,1
DA:947,1
DA:948,1
DA:951,1
DA:952,1
DA:953,1
DA:955,1
DA:956,1
DA:957,1
DA:960,1
DA:961,1
DA:962,1
DA:964,1
DA:965,1
DA:966,1
DA:969,1
DA:973,1
DA:974,1
DA:977,1
DA:978,1
DA:979,1
DA:980,1
DA:981,1
DA:982,1
DA:984,1
DA:985,1
DA:988,1
DA:989,1
DA:990,1
DA:991,1
DA:994,1
DA:998,1
DA:999,1
DA:1002,1
DA:1003,1
DA:1004,1
DA:1005,1
DA:1006,1
DA:1007,1
DA:1011,1
DA:1012,1
DA:1013,1
DA:1014,1
DA:1017,1
DA:1018,1
DA:1019,1
DA:1022,1
DA:1024,1
DA:1025,1
DA:1026,1
DA:1027,1
DA:1028,1
DA:1031,1
DA:1035,1
DA:1036,1
DA:1039,1
DA:1040,1
DA:1041,1
DA:1042,1
DA:1043,1
DA:1044,1
DA:1048,1
DA:1051,1
DA:1052,1
DA:1053,1
DA:1054,1
DA:1057,1
DA:1061,1
DA:1062,1
DA:1065,4
DA:1066,3
DA:1067,3
DA:1068,3
DA:1069,3
DA:1070,3
DA:1071,3
DA:1072,3
DA:1073,3
DA:1076,1
DA:1078,1
DA:1079,1
DA:1080,1
DA:1081,1
DA:1082,1
DA:1085,1
DA:1089,1
DA:1090,1
DA:1093,1
DA:1094,1
DA:1095,1
DA:1096,1
DA:1097,1
DA:1098,1
DA:1100,1
DA:1101,1
DA:1104,1
DA:1106,1
DA:1107,1
DA:1108,1
DA:1111,1
DA:1115,1
DA:1116,1
DA:1119,1
DA:1120,1
DA:1121,1
DA:1122,1
DA:1123,1
DA:1124,1
DA:1126,1
DA:1127,1
DA:1130,1
DA:1131,1
DA:1132,1
DA:1133,1
DA:1136,1
DA:1140,1
DA:1141,1
DA:1144,1
DA:1145,1
DA:1146,1
DA:1147,1
DA:1148,1
DA:1149,1
DA:1151,1
DA:1152,1
DA:1155,1
DA:1156,1
DA:1159,1
DA:1163,1
DA:1164,1
DA:1167,1
DA:1168,1
DA:1169,1
DA:1170,1
DA:1171,1
DA:1172,1
DA:1174,1
DA:1175,1
DA:1178,1
DA:1179,1
DA:1180,1
DA:1181,1
DA:1184,1
DA:1188,1
DA:1189,1
DA:1192,1
DA:1193,1
DA:1194,1
DA:1195,1
DA:1196,1
DA:1197,1
DA:1201,1
DA:1202,1
DA:1203,1
DA:1206,1
DA:1210,1
DA:1211,1
DA:1214,1
DA:1215,1
DA:1216,1
DA:1217,1
DA:1218,1
DA:1219,1
DA:1222,1
DA:1223,1
DA:1224,1
DA:1225,1
DA:1228,1
DA:1232,1
DA:1233,1
DA:1236,1
DA:1237,1
DA:1238,1
DA:1239,1
DA:1240,1
DA:1241,1
DA:1244,1
DA:1245,1
DA:1246,1
DA:1247,1
DA:1250,1
DA:1254,1
DA:1255,1
DA:1258,1
DA:1261,1
DA:1262,1
DA:1263,1
DA:1264,1
DA:1265,1
DA:1266,1
DA:1269,1
DA:1270,1
DA:1271,1
DA:1272,1
DA:1275,1
DA:1279,1
DA:1280,1
DA:1283,1
DA:1284,1
DA:1285,1
DA:1286,1
DA:1287,1
DA:1288,1
DA:1290,1
DA:1291,1
DA:1293,1
DA:1294,1
DA:1295,1
DA:1296,1
DA:1297,1
DA:1298,1
DA:1300,1
DA:1301,1
DA:1303,1
DA:1304,1
DA:1305,1
DA:1306,1
DA:1307,1
DA:1308,1
DA:1310,1
DA:1311,1
DA:1314,1
DA:1317,3
DA:1318,3
DA:1319,2
DA:1320,1
DA:1322,1
DA:1323,1
DA:1326,1
DA:1327,1
DA:1328,1
DA:1330,1
DA:1332,1
DA:1333,1
DA:1334,1
DA:1337,1
DA:1341,1
DA:1342,1
DA:1343,1
DA:1346,3
DA:1347,2
DA:1348,2
DA:1349,2
DA:1350,2
DA:1351,2
DA:1352,2
DA:1353,2
DA:1354,2
DA:1357,1
DA:1358,1
DA:1359,1
DA:1360,1
DA:1363,1
DA:1367,1
DA:1368,1
DA:1371,1
DA:1372,1
DA:1373,1
DA:1374,1
DA:1375,1
DA:1376,1
DA:1380,1
DA:1381,1
DA:1382,1
DA:1383,1
DA:1386,1
DA:1387,1
DA:1388,1
DA:1391,1
DA:1392,1
DA:1393,1
DA:1396,1
DA:1400,1
DA:1401,1
DA:1403,1
DA:1404,1
DA:1405,1
DA:1406,1
DA:1407,1
DA:1408,1
DA:1412,1
DA:1413,1
DA:1414,1
DA:1417,1
DA:1418,1
DA:1419,1
DA:1422,1
DA:1423,1
DA:1424,1
DA:1427,1
DA:1431,1
DA:1432,1
DA:1434,1
DA:1435,1
DA:1436,1
DA:1437,1
DA:1438,1
DA:1439,1
DA:1443,1
DA:1444,1
DA:1445,1
DA:1446,1
DA:1447,1
DA:1448,1
DA:1449,1
DA:1451,1
DA:1452,1
DA:1455,1
DA:1456,1
DA:1457,1
DA:1459,1
DA:1460,1
DA:1461,1
DA:1462,1
DA:1463,1
DA:1466,1
DA:1470,1
DA:1471,1
DA:1473,1
DA:1474,1
DA:1475,1
DA:1476,1
DA:1477,1
DA:1478,1
DA:1480,1
DA:1481,1
DA:1483,1
DA:1484,1
DA:1485,1
DA:1486,1
DA:1487,1
DA:1490,1
DA:1491,1
DA:1492,1
DA:1495,1
DA:1496,1
DA:1497,1
DA:1500,1
DA:1501,1
DA:1502,1
DA:1505,1
DA:1506,1
DA:1507,1
DA:1510,1
DA:1511,1
DA:1512,1
DA:1515,1
DA:1516,1
DA:1517,1
DA:1518,1
DA:1521,1
DA:1525,1
DA:1526,1
DA:1528,1
DA:1529,1
DA:1530,1
DA:1531,1
DA:1532,1
DA:1533,1
DA:1536,1
DA:1537,1
DA:1538,1
DA:1539,1
DA:1542,1
DA:1543,1
DA:1544,1
DA:1547,1
DA:1548,1
DA:1549,1
DA:1552,1
DA:1553,1
DA:1554,1
DA:1557,1
DA:1558,1
DA:1559,1
DA:1562,1
DA:1566,1
DA:1567,1
DA:1570,1
DA:1573,1
DA:1574,1
DA:1575,1
DA:1576,1
DA:1577,1
DA:1578,1
DA:1582,1
DA:1583,1
DA:1584,1
DA:1587,1
DA:1591,1
DA:1592,1
DA:1595,1
DA:1598,1
DA:1599,1
DA:1600,1
DA:1601,1
DA:1602,1
DA:1603,1
DA:1605,1
DA:1606,1
DA:1607,1
DA:1610,1
DA:1611,1
DA:1612,1
DA:1613,1
DA:1614,1
DA:1615,1
DA:1616,1
DA:1617,1
DA:1618,1
DA:1619,1
DA:1620,1
DA:1624,1
DA:1625,1
BRF:0
BRH:0
LF:1033
LH:827
end_of_record
SF:/home/quinten/Documents/Software_Development/muster/src/app/state.rs
FN:217,_RINvMNtNtCs3bOdyUEi4qt_6muster3app5stateNtB3_3App10set_statusNtNtCs456UZznmu7y_5alloc6string6StringEB7_
FN:217,_RINvMNtNtCs3bOdyUEi4qt_6muster3app5stateNtB3_3App10set_statusReEB7_
FN:197,_RINvMNtNtCs3bOdyUEi4qt_6muster3app5stateNtB3_3App9set_errorNtNtCs456UZznmu7y_5alloc6string6StringEB7_
FN:197,_RINvMNtNtCs3bOdyUEi4qt_6muster3app5stateNtB3_3App9set_errorReEB7_
FN:351,_RNCNvMNtNtCs3bOdyUEi4qt_6muster3app5stateNtB4_3App14selected_depth0B8_
FN:245,_RNCNvMNtNtCs3bOdyUEi4qt_6muster3app5stateNtB4_3App18has_running_agents0B8_
FN:253,_RNCNvMNtNtCs3bOdyUEi4qt_6muster3app5stateNtB4_3App19running_agent_count0B8_
FN:339,_RNCNvMNtNtCs3bOdyUEi4qt_6muster3app5stateNtB4_3App21selected_has_children0B8_
FN:175,_RNvMNtNtCs3bOdyUEi4qt_6muster3app5stateNtB2_3App10enter_mode
FN:119,_RNvMNtNtCs3bOdyUEi4qt_6muster3app5stateNtB2_3App10switch_tab
FN:204,_RNvMNtNtCs3bOdyUEi4qt_6muster3app5stateNtB2_3App11clear_error
FN:258,_RNvMNtNtCs3bOdyUEi4qt_6muster3app5stateNtB2_3App11handle_char
FN:146,_RNvMNtNtCs3bOdyUEi4qt_6muster3app5stateNtB2_3App11scroll_down
FN:101,_RNvMNtNtCs3bOdyUEi4qt_6muster3app5stateNtB2_3App11select_next
FN:110,_RNvMNtNtCs3bOdyUEi4qt_6muster3app5stateNtB2_3App11select_prev
FN:222,_RNvMNtNtCs3bOdyUEi4qt_6muster3app5stateNtB2_3App12clear_status
FN:128,_RNvMNtNtCs3bOdyUEi4qt_6muster3app5stateNtB2_3App12reset_scroll
FN:209,_RNvMNtNtCs3bOdyUEi4qt_6muster3app5stateNtB2_3App13dismiss_error
FN:158,_RNvMNtNtCs3bOdyUEi4qt_6muster3app5stateNtB2_3App13scroll_to_top
FN:227,_RNvMNtNtCs3bOdyUEi4qt_6muster3app5stateNtB2_3App14request_attach
FN:89,_RNvMNtNtCs3bOdyUEi4qt_6muster3app5stateNtB2_3App14selected_agent
FN:349,_RNvMNtNtCs3bOdyUEi4qt_6muster3app5stateNtB2_3App14selected_depth
FN:272,_RNvMNtNtCs3bOdyUEi4qt_6muster3app5stateNtB2_3App16handle_backspace
FN:166,_RNvMNtNtCs3bOdyUEi4qt_6muster3app5stateNtB2_3App16scroll_to_bottom
FN:238,_RNvMNtNtCs3bOdyUEi4qt_6muster3app5stateNtB2_3App18has_attach_request
FN:244,_RNvMNtNtCs3bOdyUEi4qt_6muster3app5stateNtB2_3App18has_running_agents
FN:94,_RNvMNtNtCs3bOdyUEi4qt_6muster3app5stateNtB2_3App18selected_agent_mut
FN:286,_RNvMNtNtCs3bOdyUEi4qt_6muster3app5stateNtB2_3App18validate_selection
FN:250,_RNvMNtNtCs3bOdyUEi4qt_6muster3app5stateNtB2_3App19running_agent_count
FN:317,_RNvMNtNtCs3bOdyUEi4qt_6muster3app5stateNtB2_3App19start_spawning_root
FN:232,_RNvMNtNtCs3bOdyUEi4qt_6muster3app5stateNtB2_3App20clear_attach_request
FN:310,_RNvMNtNtCs3bOdyUEi4qt_6muster3app5stateNtB2_3App20start_spawning_under
FN:303,_RNvMNtNtCs3bOdyUEi4qt_6muster3app5stateNtB2_3App21decrement_child_count
FN:298,_RNvMNtNtCs3bOdyUEi4qt_6muster3app5stateNtB2_3App21increment_child_count
FN:337,_RNvMNtNtCs3bOdyUEi4qt_6muster3app5stateNtB2_3App21selected_has_children
FN:343,_RNvMNtNtCs3bOdyUEi4qt_6muster3app5stateNtB2_3App22set_preview_dimensions
FN:324,_RNvMNtNtCs3bOdyUEi4qt_6muster3app5stateNtB2_3App23proceed_to_child_prompt
FN:329,_RNvMNtNtCs3bOdyUEi4qt_6muster3app5stateNtB2_3App24toggle_selected_collapse
FN:65,_RNvMNtNtCs3bOdyUEi4qt_6muster3app5stateNtB2_3App3new
FN:191,_RNvMNtNtCs3bOdyUEi4qt_6muster3app5stateNtB2_3App9exit_mode
FN:134,_RNvMNtNtCs3bOdyUEi4qt_6muster3app5stateNtB2_3App9scroll_up
FN:419,_RNvXs0_NtNtCs3bOdyUEi4qt_6muster3app5stateNtB5_3TabNtNtCs4Vq2ZLagKfv_4core3fmt7Display3fmt
FN:356,_RNvXs_NtNtCs3bOdyUEi4qt_6muster3app5stateNtB4_3AppNtNtCs4Vq2ZLagKfv_4core7default7Default7default
FN:217,_RINvMNtNtCs5Hx9zLFZsDi_6muster3app5stateNtB3_3App10set_statusNtNtCs456UZznmu7y_5alloc6string6StringEB7_
FN:217,_RINvMNtNtCs5Hx9zLFZsDi_6muster3app5stateNtB3_3App10set_statusReEB7_
FN:197,_RINvMNtNtCs5Hx9zLFZsDi_6muster3app5stateNtB3_3App9set_errorNtNtCs456UZznmu7y_5alloc6string6StringEB7_
FN:197,_RINvMNtNtCs5Hx9zLFZsDi_6muster3app5stateNtB3_3App9set_errorReEB7_
FN:351,_RNCNvMNtNtCs5Hx9zLFZsDi_6muster3app5stateNtB4_3App14selected_depth0B8_
FN:245,_RNCNvMNtNtCs5Hx9zLFZsDi_6muster3app5stateNtB4_3App18has_running_agents0B8_
FN:253,_RNCNvMNtNtCs5Hx9zLFZsDi_6muster3app5stateNtB4_3App19running_agent_count0B8_
FN:339,_RNCNvMNtNtCs5Hx9zLFZsDi_6muster3app5stateNtB4_3App21selected_has_children0B8_
FN:175,_RNvMNtNtCs5Hx9zLFZsDi_6muster3app5stateNtB2_3App10enter_mode
FN:119,_RNvMNtNtCs5Hx9zLFZsDi_6muster3app5stateNtB2_3App10switch_tab
FN:204,_RNvMNtNtCs5Hx9zLFZsDi_6muster3app5stateNtB2_3App11clear_error
FN:258,_RNvMNtNtCs5Hx9zLFZsDi_6muster3app5stateNtB2_3App11handle_char
FN:146,_RNvMNtNtCs5Hx9zLFZsDi_6muster3app5stateNtB2_3App11scroll_down
FN:101,_RNvMNtNtCs5Hx9zLFZsDi_6muster3app5stateNtB2_3App11select_next
FN:110,_RNvMNtNtCs5Hx9zLFZsDi_6muster3app5stateNtB2_3App11select_prev
FN:222,_RNvMNtNtCs5Hx9zLFZsDi_6muster3app5stateNtB2_3App12clear_status
FN:128,_RNvMNtNtCs5Hx9zLFZsDi_6muster3app5stateNtB2_3App12reset_scroll
FN:158,_RNvMNtNtCs5Hx9zLFZsDi_6muster3app5stateNtB2_3App13scroll_to_top
FN:227,_RNvMNtNtCs5Hx9zLFZsDi_6muster3app5stateNtB2_3App14request_attach
FN:89,_RNvMNtNtCs5Hx9zLFZsDi_6muster3app5stateNtB2_3App14selected_agent
FN:349,_RNvMNtNtCs5Hx9zLFZsDi_6muster3app5stateNtB2_3App14selected_depth
FN:272,_RNvMNtNtCs5Hx9zLFZsDi_6muster3app5stateNtB2_3App16handle_backspace
FN:166,_RNvMNtNtCs5Hx9zLFZsDi_6muster3app5stateNtB2_3App16scroll_to_bottom
FN:244,_RNvMNtNtCs5Hx9zLFZsDi_6muster3app5stateNtB2_3App18has_running_agents
FN:94,_RNvMNtNtCs5Hx9zLFZsDi_6muster3app5stateNtB2_3App18selected_agent_mut
FN:286,_RNvMNtNtCs5Hx9zLFZsDi_6muster3app5stateNtB2_3App18validate_selection
FN:250,_RNvMNtNtCs5Hx9zLFZsDi_6muster3app5stateNtB2_3App19running_agent_count
FN:317,_RNvMNtNtCs5Hx9zLFZsDi_6muster3app5stateNtB2_3App19start_spawning_root
FN:310,_RNvMNtNtCs5Hx9zLFZsDi_6muster3app5stateNtB2_3App20start_spawning_under
FN:303,_RNvMNtNtCs5Hx9zLFZsDi_6muster3app5stateNtB2_3App21decrement_child_count
FN:298,_RNvMNtNtCs5Hx9zLFZsDi_6muster3app5stateNtB2_3App21increment_child_count
FN:337,_RNvMNtNtCs5Hx9zLFZsDi_6muster3app5stateNtB2_3App21selected_has_children
FN:343,_RNvMNtNtCs5Hx9zLFZsDi_6muster3app5stateNtB2_3App22set_preview_dimensions
FN:324,_RNvMNtNtCs5Hx9zLFZsDi_6muster3app5stateNtB2_3App23proceed_to_child_prompt
FN:329,_RNvMNtNtCs5Hx9zLFZsDi_6muster3app5stateNtB2_3App24toggle_selected_collapse
FN:65,_RNvMNtNtCs5Hx9zLFZsDi_6muster3app5stateNtB2_3App3new
FN:191,_RNvMNtNtCs5Hx9zLFZsDi_6muster3app5stateNtB2_3App9exit_mode
FN:134,_RNvMNtNtCs5Hx9zLFZsDi_6muster3app5stateNtB2_3App9scroll_up
FN:433,_RNvNtNtNtCs5Hx9zLFZsDi_6muster3app5state5tests17create_test_agent
FN:504,_RNvNtNtNtCs5Hx9zLFZsDi_6muster3app5state5testss_11test_scroll
FN:444,_RNvNtNtNtCs5Hx9zLFZsDi_6muster3app5state5testss_12test_app_new
FN:675,_RNvNtNtNtCs5Hx9zLFZsDi_6muster3app5state5testss_14test_tab_serde
FN:492,_RNvNtNtNtCs5Hx9zLFZsDi_6muster3app5state5testss_15test_switch_tab
FN:602,_RNvNtNtNtCs5Hx9zLFZsDi_6muster3app5state5testss_16test_handle_char
FN:453,_RNvNtNtNtCs5Hx9zLFZsDi_6muster3app5state5testss_16test_select_next
FN:469,_RNvNtNtNtCs5Hx9zLFZsDi_6muster3app5state5testss_16test_select_prev
FN:659,_RNvNtNtNtCs5Hx9zLFZsDi_6muster3app5state5testss_16test_tab_display
FN:690,_RNvNtNtNtCs5Hx9zLFZsDi_6muster3app5state5testss_17test_reset_scroll
FN:522,_RNvNtNtNtCs5Hx9zLFZsDi_6muster3app5state5testss_18test_scroll_to_top
FN:553,_RNvNtNtNtCs5Hx9zLFZsDi_6muster3app5state5testss_19test_error_handling
FN:575,_RNvNtNtNtCs5Hx9zLFZsDi_6muster3app5state5testss_19test_selected_agent
FN:769,_RNvNtNtNtCs5Hx9zLFZsDi_6muster3app5state5testss_19test_selected_depth
FN:539,_RNvNtNtNtCs5Hx9zLFZsDi_6muster3app5state5testss_20test_enter_exit_mode
FN:564,_RNvNtNtNtCs5Hx9zLFZsDi_6muster3app5state5testss_20test_status_handling
FN:665,_RNvNtNtNtCs5Hx9zLFZsDi_6muster3app5state5testss_21test_app_mode_default
FN:617,_RNvNtNtNtCs5Hx9zLFZsDi_6muster3app5state5testss_21test_handle_backspace
FN:532,_RNvNtNtNtCs5Hx9zLFZsDi_6muster3app5state5testss_21test_scroll_to_bottom
FN:670,_RNvNtNtNtCs5Hx9zLFZsDi_6muster3app5state5testss_23test_input_mode_default
FN:586,_RNvNtNtNtCs5Hx9zLFZsDi_6muster3app5state5testss_23test_selected_agent_mut
FN:649,_RNvNtNtNtCs5Hx9zLFZsDi_6muster3app5state5testss_23test_validate_selection
FN:635,_RNvNtNtNtCs5Hx9zLFZsDi_6muster3app5state5testss_24test_running_agent_count
FN:732,_RNvNtNtNtCs5Hx9zLFZsDi_6muster3app5state5testss_24test_start_spawning_root
FN:483,_RNvNtNtNtCs5Hx9zLFZsDi_6muster3app5state5testss_25test_select_empty_storage
FN:722,_RNvNtNtNtCs5Hx9zLFZsDi_6muster3app5state5testss_25test_start_spawning_under
FN:712,_RNvNtNtNtCs5Hx9zLFZsDi_6muster3app5state5testss_26test_decrement_child_count
FN:704,_RNvNtNtNtCs5Hx9zLFZsDi_6muster3app5state5testss_26test_increment_child_count
[...]
DA:981,1
DA:983,1
DA:984,1
DA:985,1
DA:987,1
DA:988,1
DA:989,1
DA:990,1
DA:993,1
DA:994,1
DA:995,1
DA:996,1
DA:997,1
DA:998,1
DA:999,100
DA:1000,1
DA:1001,1
DA:1002,1
DA:1004,1
DA:1005,1
DA:1006,1
DA:1008,1
DA:1009,1
DA:1010,1
DA:1011,1
DA:1014,1
DA:1015,1
DA:1016,1
DA:1017,1
DA:1019,1
DA:1020,1
DA:1021,1
DA:1023,1
DA:1024,1
DA:1025,1
DA:1026,1
DA:1029,1
DA:1030,1
DA:1031,1
DA:1032,1
DA:1033,1
DA:1034,1
DA:1036,1
DA:1037,1
DA:1038,1
DA:1040,1
DA:1041,1
DA:1042,1
DA:1043,1
DA:1046,1
DA:1047,4
DA:1048,4
DA:1049,4
DA:1050,4
DA:1052,4
DA:1053,4
DA:1054,4
DA:1056,4
DA:1057,4
DA:1059,1
DA:1060,1
DA:1063,1
DA:1064,1
DA:1065,1
DA:1066,1
DA:1067,1
DA:1069,1
DA:1070,1
DA:1071,1
DA:1073,1
DA:1074,1
DA:1075,1
DA:1076,1
DA:1079,1
DA:1080,1
DA:1081,1
DA:1082,1
DA:1083,1
DA:1085,1
DA:1087,1
DA:1088,1
DA:1089,1
DA:1091,1
DA:1092,1
DA:1093,1
DA:1094,1
DA:1097,1
DA:1098,1
DA:1099,1
DA:1100,1
DA:1101,1
DA:1104,1
DA:1106,1
DA:1107,1
DA:1108,1
DA:1110,1
DA:1111,1
DA:1112,1
DA:1113,1
DA:1116,1
DA:1117,1
DA:1118,1
DA:1119,1
DA:1120,1
DA:1122,1
DA:1123,1
DA:1124,1
DA:1126,1
DA:1127,1
DA:1128,1
DA:1129,1
DA:1132,1
DA:1136,1
DA:1137,1
DA:1140,1
DA:1142,1
DA:1143,1
DA:1146,1
DA:1150,1
DA:1151,1
DA:1154,1
DA:1156,1
DA:1157,1
DA:1160,1
DA:1164,1
DA:1165,1
DA:1168,1
DA:1170,1
DA:1171,1
BRF:0
BRH:0
LF:833
LH:746
end_of_record
SF:/home/quinten/Documents/Software_Development/muster/src/ui/components/agent_list.rs
FN:43,_RNCNvMNtNtNtCs3bOdyUEi4qt_6muster2ui10components10agent_listNtB4_6Widget7to_list0Ba_
FN:56,_RNvMNtNtNtCs3bOdyUEi4qt_6muster2ui10components10agent_listNtB2_6Widget11render_item
FN:21,_RNvMNtNtNtCs3bOdyUEi4qt_6muster2ui10components10agent_listNtB2_6Widget3new
FN:38,_RNvMNtNtNtCs3bOdyUEi4qt_6muster2ui10components10agent_listNtB2_6Widget7to_list
FN:86,_RNvNtNtNtCs3bOdyUEi4qt_6muster2ui10components10agent_list15status_to_color
FN:31,_RINvMNtNtNtCs3bOdyUEi4qt_6muster2ui10components10agent_listNtB3_6Widget5titlepEB9_
FN:31,_RINvMNtNtNtCs3bOdyUEi4qt_6muster2ui10components10agent_listNtB3_6Widget5titleReECsiCVeir77c0w_18integration_render
FN:31,_RINvMNtNtNtCs5Hx9zLFZsDi_6muster2ui10components10agent_listNtB3_6Widget5titleReEB9_
FN:43,_RNCNvMNtNtNtCs5Hx9zLFZsDi_6muster2ui10components10agent_listNtB4_6Widget7to_list0Ba_
FN:56,_RNvMNtNtNtCs5Hx9zLFZsDi_6muster2ui10components10agent_listNtB2_6Widget11render_item
FN:21,_RNvMNtNtNtCs5Hx9zLFZsDi_6muster2ui10components10agent_listNtB2_6Widget3new
FN:38,_RNvMNtNtNtCs5Hx9zLFZsDi_6muster2ui10components10agent_listNtB2_6Widget7to_list
FN:86,_RNvNtNtNtCs5Hx9zLFZsDi_6muster2ui10components10agent_list15status_to_color
FN:100,_RNvNtNtNtNtCs5Hx9zLFZsDi_6muster2ui10components10agent_list5tests17create_test_agent
FN:139,_RNvNtNtNtNtCs5Hx9zLFZsDi_6muster2ui10components10agent_list5testss_12test_to_list
FN:131,_RNvNtNtNtNtCs5Hx9zLFZsDi_6muster2ui10components10agent_list5testss_20test_status_to_color
FN:113,_RNvNtNtNtNtCs5Hx9zLFZsDi_6muster2ui10components10agent_list5testss_26test_agent_list_widget_new
FN:124,_RNvNtNtNtNtCs5Hx9zLFZsDi_6muster2ui10components10agent_list5testss_28test_agent_list_widget_title
FNDA:39,_RNCNvMNtNtNtCs3bOdyUEi4qt_6muster2ui10components10agent_listNtB4_6Widget7to_list0Ba_
FNDA:39,_RNvMNtNtNtCs3bOdyUEi4qt_6muster2ui10components10agent_listNtB2_6Widget11render_item
FNDA:14,_RNvMNtNtNtCs3bOdyUEi4qt_6muster2ui10components10agent_listNtB2_6Widget3new
FNDA:14,_RNvMNtNtNtCs3bOdyUEi4qt_6muster2ui10components10agent_listNtB2_6Widget7to_list
FNDA:39,_RNvNtNtNtCs3bOdyUEi4qt_6muster2ui10components10agent_list15status_to_color
FNDA:0,_RINvMNtNtNtCs3bOdyUEi4qt_6muster2ui10components10agent_listNtB3_6Widget5titlepEB9_
FNDA:1,_RINvMNtNtNtCs3bOdyUEi4qt_6muster2ui10components10agent_listNtB3_6Widget5titleReECsiCVeir77c0w_18integration_render
FNDA:1,_RINvMNtNtNtCs5Hx9zLFZsDi_6muster2ui10components10agent_listNtB3_6Widget5titleReEB9_
FNDA:1,_RNCNvMNtNtNtCs5Hx9zLFZsDi_6muster2ui10components10agent_listNtB4_6Widget7to_list0Ba_
FNDA:1,_RNvMNtNtNtCs5Hx9zLFZsDi_6muster2ui10components10agent_listNtB2_6Widget11render_item
FNDA:3,_RNvMNtNtNtCs5Hx9zLFZsDi_6muster2ui10components10agent_listNtB2_6Widget3new
FNDA:1,_RNvMNtNtNtCs5Hx9zLFZsDi_6muster2ui10components10agent_listNtB2_6Widget7to_list
FNDA:5,_RNvNtNtNtCs5Hx9zLFZsDi_6muster2ui10components10agent_list15status_to_color
FNDA:4,_RNvNtNtNtNtCs5Hx9zLFZsDi_6muster2ui10components10agent_list5tests17create_test_agent
FNDA:1,_RNvNtNtNtNtCs5Hx9zLFZsDi_6muster2ui10components10agent_list5testss_12test_to_list
FNDA:1,_RNvNtNtNtNtCs5Hx9zLFZsDi_6muster2ui10components10agent_list5testss_20test_status_to_color
FNDA:1,_RNvNtNtNtNtCs5Hx9zLFZsDi_6muster2ui10components10agent_list5testss_26test_agent_list_widget_new
FNDA:1,_RNvNtNtNtNtCs5Hx9zLFZsDi_6muster2ui10components10agent_list5testss_28test_agent_list_widget_title
FNF:11
FNH:11
DA:21,17
DA:22,17
DA:23,17
DA:24,17
DA:25,17
DA:26,17
DA:27,17
DA:31,2
DA:32,2
DA:33,2
DA:34,2
DA:38,15
DA:39,15
DA:40,15
DA:41,15
DA:42,15
DA:43,40
DA:44,15
DA:46,15
DA:47,15
DA:48,15
DA:49,15
DA:50,15
DA:51,15
DA:53,15
DA:54,15
DA:56,40
DA:57,40
DA:59,40
DA:60,14
DA:61,14
DA:62,14
DA:63,14
DA:65,26
DA:68,40
DA:69,40
DA:70,40
DA:71,40
DA:73,40
DA:74,40
DA:75,40
DA:76,40
DA:80,40
DA:81,40
DA:86,44
DA:87,44
DA:88,1
DA:89,15
DA:90,14
DA:91,14
DA:93,44
DA:100,4
DA:101,4
DA:102,4
DA:103,4
DA:104,4
DA:105,4
DA:106,4
DA:108,4
DA:109,4
DA:110,4
DA:113,1
DA:114,1
DA:115,1
DA:116,1
DA:119,1
DA:120,1
DA:121,1
DA:124,1
DA:125,1
DA:126,1
DA:127,1
DA:128,1
DA:131,1
DA:132,1
DA:133,1
DA:134,1
DA:135,1
DA:136,1
DA:139,1
DA:140,1
DA:141,1
DA:142,1
DA:143,1
BRF:0
BRH:0
LF:85
LH:85
end_of_record
SF:/home/quinten/Documents/Software_Development/muster/src/ui/components/diff_view.rs
FN:48,_RNCNvMNtNtNtCs3bOdyUEi4qt_6muster2ui10components9diff_viewNtB4_6Widget12to_paragraph0Ba_
FN:68,_RNvMNtNtNtCs3bOdyUEi4qt_6muster2ui10components9diff_viewNtB2_6Widget10line_count
FN:44,_RNvMNtNtNtCs3bOdyUEi4qt_6muster2ui10components9diff_viewNtB2_6Widget12to_paragraph
FN:30,_RNvMNtNtNtCs3bOdyUEi4qt_6muster2ui10components9diff_viewNtB2_6Widget6scroll
FN:75,_RNvNtNtNtCs3bOdyUEi4qt_6muster2ui10components9diff_view10line_color
FN:20,_RINvMNtNtNtCs3bOdyUEi4qt_6muster2ui10components9diff_viewNtB3_6Widget3newpEB9_
FN:37,_RINvMNtNtNtCs3bOdyUEi4qt_6muster2ui10components9diff_viewNtB3_6Widget5titlepEB9_
FN:20,_RINvMNtNtNtCs3bOdyUEi4qt_6muster2ui10components9diff_viewNtB3_6Widget3newRNtNtCs456UZznmu7y_5alloc6string6StringECsiCVeir77c0w_18integration_render
FN:20,_RINvMNtNtNtCs3bOdyUEi4qt_6muster2ui10components9diff_viewNtB3_6Widget3newReECsiCVeir77c0w_18integration_render
FN:37,_RINvMNtNtNtCs3bOdyUEi4qt_6muster2ui10components9diff_viewNtB3_6Widget5titleReECsiCVeir77c0w_18integration_render
FN:20,_RINvMNtNtNtCs5Hx9zLFZsDi_6muster2ui10components9diff_viewNtB3_6Widget3newReEB9_
FN:37,_RINvMNtNtNtCs5Hx9zLFZsDi_6muster2ui10components9diff_viewNtB3_6Widget5titleReEB9_
FN:48,_RNCNvMNtNtNtCs5Hx9zLFZsDi_6muster2ui10components9diff_viewNtB4_6Widget12to_paragraph0Ba_
FN:68,_RNvMNtNtNtCs5Hx9zLFZsDi_6muster2ui10components9diff_viewNtB2_6Widget10line_count
FN:44,_RNvMNtNtNtCs5Hx9zLFZsDi_6muster2ui10components9diff_viewNtB2_6Widget12to_paragraph
FN:30,_RNvMNtNtNtCs5Hx9zLFZsDi_6muster2ui10components9diff_viewNtB2_6Widget6scroll
FN:75,_RNvNtNtNtCs5Hx9zLFZsDi_6muster2ui10components9diff_view10line_color
FN:146,_RNvNtNtNtNtCs5Hx9zLFZsDi_6muster2ui10components9diff_view5testss_17test_to_paragraph
FN:114,_RNvNtNtNtNtCs5Hx9zLFZsDi_6muster2ui10components9diff_view5testss_21test_line_color_added
FN:140,_RNvNtNtNtNtCs5Hx9zLFZsDi_6muster2ui10components9diff_view5testss_23test_line_color_context
FN:119,_RNvNtNtNtNtCs5Hx9zLFZsDi_6muster2ui10components9diff_view5testss_23test_line_color_removed
FN:96,_RNvNtNtNtNtCs5Hx9zLFZsDi_6muster2ui10components9diff_view5testss_25test_diff_view_widget_new
FN:108,_RNvNtNtNtNtCs5Hx9zLFZsDi_6muster2ui10components9diff_view5testss_27test_diff_view_widget_title
FN:129,_RNvNtNtNtNtCs5Hx9zLFZsDi_6muster2ui10components9diff_view5testss_27test_line_color_diff_header
FN:124,_RNvNtNtNtNtCs5Hx9zLFZsDi_6muster2ui10components9diff_view5testss_27test_line_color_hunk_header
FN:102,_RNvNtNtNtNtCs5Hx9zLFZsDi_6muster2ui10components9diff_view5testss_28test_diff_view_widget_scroll
FN:134,_RNvNtNtNtNtCs5Hx9zLFZsDi_6muster2ui10components9diff_view5testss_28test_line_color_file_markers
FNDA:21,_RNCNvMNtNtNtCs3bOdyUEi4qt_6muster2ui10components9diff_viewNtB4_6Widget12to_paragraph0Ba_
FNDA:1,_RNvMNtNtNtCs3bOdyUEi4qt_6muster2ui10components9diff_viewNtB2_6Widget10line_count
FNDA:5,_RNvMNtNtNtCs3bOdyUEi4qt_6muster2ui10components9diff_viewNtB2_6Widget12to_paragraph
FNDA:2,_RNvMNtNtNtCs3bOdyUEi4qt_6muster2ui10components9diff_viewNtB2_6Widget6scroll
FNDA:21,_RNvNtNtNtCs3bOdyUEi4qt_6muster2ui10components9diff_view10line_color
FNDA:0,_RINvMNtNtNtCs3bOdyUEi4qt_6muster2ui10components9diff_viewNtB3_6Widget3newpEB9_
FNDA:0,_RINvMNtNtNtCs3bOdyUEi4qt_6muster2ui10components9diff_viewNtB3_6Widget5titlepEB9_
FNDA:1,_RINvMNtNtNtCs3bOdyUEi4qt_6muster2ui10components9diff_viewNtB3_6Widget3newRNtNtCs456UZznmu7y_5alloc6string6StringECsiCVeir77c0w_18integration_render
FNDA:5,_RINvMNtNtNtCs3bOdyUEi4qt_6muster2ui10components9diff_viewNtB3_6Widget3newReECsiCVeir77c0w_18integration_render
FNDA:1,_RINvMNtNtNtCs3bOdyUEi4qt_6muster2ui10components9diff_viewNtB3_6Widget5titleReECsiCVeir77c0w_18integration_render
FNDA:4,_RINvMNtNtNtCs5Hx9zLFZsDi_6muster2ui10components9diff_viewNtB3_6Widget3newReEB9_
FNDA:1,_RINvMNtNtNtCs5Hx9zLFZsDi_6muster2ui10components9diff_viewNtB3_6Widget5titleReEB9_
FNDA:3,_RNCNvMNtNtNtCs5Hx9zLFZsDi_6muster2ui10components9diff_viewNtB4_6Widget12to_paragraph0Ba_
FNDA:1,_RNvMNtNtNtCs5Hx9zLFZsDi_6muster2ui10components9diff_viewNtB2_6Widget10line_count
FNDA:1,_RNvMNtNtNtCs5Hx9zLFZsDi_6muster2ui10components9diff_viewNtB2_6Widget12to_paragraph
FNDA:1,_RNvMNtNtNtCs5Hx9zLFZsDi_6muster2ui10components9diff_viewNtB2_6Widget6scroll
FNDA:11,_RNvNtNtNtCs5Hx9zLFZsDi_6muster2ui10components9diff_view10line_color
FNDA:1,_RNvNtNtNtNtCs5Hx9zLFZsDi_6muster2ui10components9diff_view5testss_17test_to_paragraph
FNDA:1,_RNvNtNtNtNtCs5Hx9zLFZsDi_6muster2ui10components9diff_view5testss_21test_line_color_added
FNDA:1,_RNvNtNtNtNtCs5Hx9zLFZsDi_6muster2ui10components9diff_view5testss_23test_line_color_context
FNDA:1,_RNvNtNtNtNtCs5Hx9zLFZsDi_6muster2ui10components9diff_view5testss_23test_line_color_removed
FNDA:1,_RNvNtNtNtNtCs5Hx9zLFZsDi_6muster2ui10components9diff_view5testss_25test_diff_view_widget_new
FNDA:1,_RNvNtNtNtNtCs5Hx9zLFZsDi_6muster2ui10components9diff_view5testss_27test_diff_view_widget_title
FNDA:1,_RNvNtNtNtNtCs5Hx9zLFZsDi_6muster2ui10components9diff_view5testss_27test_line_color_diff_header
FNDA:1,_RNvNtNtNtNtCs5Hx9zLFZsDi_6muster2ui10components9diff_view5testss_27test_line_color_hunk_header
FNDA:1,_RNvNtNtNtNtCs5Hx9zLFZsDi_6muster2ui10components9diff_view5testss_28test_diff_view_widget_scroll
FNDA:1,_RNvNtNtNtNtCs5Hx9zLFZsDi_6muster2ui10components9diff_view5testss_28test_line_color_file_markers
FNF:17
FNH:17
DA:20,10
DA:21,10
DA:22,10
DA:23,10
DA:24,10
DA:25,10
DA:26,10
DA:30,3
DA:31,3
DA:32,3
DA:33,3
DA:37,2
DA:38,2
DA:39,2
DA:40,2
DA:44,6
DA:45,6
DA:46,6
DA:47,6
DA:48,24
DA:49,24
DA:50,24
DA:51,24
DA:52,6
DA:54,6
DA:55,6
DA:56,6
DA:57,6
DA:58,6
DA:59,6
DA:60,6
DA:62,6
DA:63,6
DA:64,6
DA:68,2
DA:69,2
DA:70,2
DA:75,32
DA:76,32
DA:77,5
DA:78,27
DA:79,3
DA:80,24
DA:81,2
DA:82,22
DA:83,3
DA:84,19
DA:85,4
DA:87,15
DA:89,32
DA:96,1
DA:97,1
DA:98,1
DA:99,1
DA:102,1
DA:103,1
DA:104,1
DA:105,1
DA:108,1
DA:109,1
DA:110,1
DA:111,1
DA:114,1
DA:115,1
DA:116,1
DA:119,1
DA:120,1
DA:121,1
DA:124,1
DA:125,1
DA:126,1
DA:129,1
DA:130,1
DA:131,1
DA:134,1
DA:135,1
DA:136,1
DA:137,1
DA:140,1
DA:141,1
DA:142,1
DA:143,1
DA:146,1
DA:147,1
DA:148,1
DA:149,1
BRF:0
BRH:0
LF:87
LH:87
end_of_record
SF:/home/quinten/Documents/Software_Development/muster/src/ui/components/preview.rs
FN:61,_RNvMNtNtNtCs3bOdyUEi4qt_6muster2ui10components7previewNtB2_6Widget10line_count
FN:44,_RNvMNtNtNtCs3bOdyUEi4qt_6muster2ui10components7previewNtB2_6Widget12to_paragraph
FN:30,_RNvMNtNtNtCs3bOdyUEi4qt_6muster2ui10components7previewNtB2_6Widget6scroll
FN:20,_RINvMNtNtNtCs3bOdyUEi4qt_6muster2ui10components7previewNtB3_6Widget3newpEB9_
FN:37,_RINvMNtNtNtCs3bOdyUEi4qt_6muster2ui10components7previewNtB3_6Widget5titlepEB9_
FN:20,_RINvMNtNtNtCs3bOdyUEi4qt_6muster2ui10components7previewNtB3_6Widget3newRNtNtCs456UZznmu7y_5alloc6string6StringECsiCVeir77c0w_18integration_render
FN:20,_RINvMNtNtNtCs3bOdyUEi4qt_6muster2ui10components7previewNtB3_6Widget3newReECsiCVeir77c0w_18integration_render
FN:37,_RINvMNtNtNtCs3bOdyUEi4qt_6muster2ui10components7previewNtB3_6Widget5titleReECsiCVeir77c0w_18integration_render
FN:20,_RINvMNtNtNtCs5Hx9zLFZsDi_6muster2ui10components7previewNtB3_6Widget3newReEB9_
FN:37,_RINvMNtNtNtCs5Hx9zLFZsDi_6muster2ui10components7previewNtB3_6Widget5titleReEB9_
FN:61,_RNvMNtNtNtCs5Hx9zLFZsDi_6muster2ui10components7previewNtB2_6Widget10line_count
FN:44,_RNvMNtNtNtCs5Hx9zLFZsDi_6muster2ui10components7previewNtB2_6Widget12to_paragraph
FN:30,_RNvMNtNtNtCs5Hx9zLFZsDi_6muster2ui10components7previewNtB2_6Widget6scroll
FN:89,_RNvNtNtNtNtCs5Hx9zLFZsDi_6muster2ui10components7preview5testss_17test_to_paragraph
FN:95,_RNvNtNtNtNtCs5Hx9zLFZsDi_6muster2ui10components7preview5testss_21test_line_count_empty
FN:71,_RNvNtNtNtNtCs5Hx9zLFZsDi_6muster2ui10components7preview5testss_23test_preview_widget_new
FN:101,_RNvNtNtNtNtCs5Hx9zLFZsDi_6muster2ui10components7preview5testss_25test_line_count_multiline
FN:83,_RNvNtNtNtNtCs5Hx9zLFZsDi_6muster2ui10components7preview5testss_25test_preview_widget_title
FN:77,_RNvNtNtNtNtCs5Hx9zLFZsDi_6muster2ui10components7preview5testss_26test_preview_widget_scroll
FNDA:1,_RNvMNtNtNtCs3bOdyUEi4qt_6muster2ui10components7previewNtB2_6Widget10line_count
FNDA:10,_RNvMNtNtNtCs3bOdyUEi4qt_6muster2ui10components7previewNtB2_6Widget12to_paragraph
FNDA:7,_RNvMNtNtNtCs3bOdyUEi4qt_6muster2ui10components7previewNtB2_6Widget6scroll
FNDA:0,_RINvMNtNtNtCs3bOdyUEi4qt_6muster2ui10components7previewNtB3_6Widget3newpEB9_
FNDA:0,_RINvMNtNtNtCs3bOdyUEi4qt_6muster2ui10components7previewNtB3_6Widget5titlepEB9_
FNDA:6,_RINvMNtNtNtCs3bOdyUEi4qt_6muster2ui10components7previewNtB3_6Widget3newRNtNtCs456UZznmu7y_5alloc6string6StringECsiCVeir77c0w_18integration_render
FNDA:5,_RINvMNtNtNtCs3bOdyUEi4qt_6muster2ui10components7previewNtB3_6Widget3newReECsiCVeir77c0w_18integration_render
FNDA:1,_RINvMNtNtNtCs3bOdyUEi4qt_6muster2ui10components7previewNtB3_6Widget5titleReECsiCVeir77c0w_18integration_render
FNDA:6,_RINvMNtNtNtCs5Hx9zLFZsDi_6muster2ui10components7previewNtB3_6Widget3newReEB9_
FNDA:1,_RINvMNtNtNtCs5Hx9zLFZsDi_6muster2ui10components7previewNtB3_6Widget5titleReEB9_
FNDA:3,_RNvMNtNtNtCs5Hx9zLFZsDi_6muster2ui10components7previewNtB2_6Widget10line_count
FNDA:1,_RNvMNtNtNtCs5Hx9zLFZsDi_6muster2ui10components7previewNtB2_6Widget12to_paragraph
FNDA:1,_RNvMNtNtNtCs5Hx9zLFZsDi_6muster2ui10components7previewNtB2_6Widget6scroll
FNDA:1,_RNvNtNtNtNtCs5Hx9zLFZsDi_6muster2ui10components7preview5testss_17test_to_paragraph
FNDA:1,_RNvNtNtNtNtCs5Hx9zLFZsDi_6muster2ui10components7preview5testss_21test_line_count_empty
FNDA:1,_RNvNtNtNtNtCs5Hx9zLFZsDi_6muster2ui10components7preview5testss_23test_preview_widget_new
FNDA:1,_RNvNtNtNtNtCs5Hx9zLFZsDi_6muster2ui10components7preview5testss_25test_line_count_multiline
FNDA:1,_RNvNtNtNtNtCs5Hx9zLFZsDi_6muster2ui10components7preview5testss_25test_preview_widget_title
FNDA:1,_RNvNtNtNtNtCs5Hx9zLFZsDi_6muster2ui10components7preview5testss_26test_preview_widget_scroll
FNF:11
FNH:11
DA:20,17
DA:21,17
DA:22,17
DA:23,17
DA:24,17
DA:25,17
DA:26,17
DA:30,8
DA:31,8
DA:32,8
DA:33,8
DA:37,2
DA:38,2
DA:39,2
DA:40,2
DA:44,11
DA:45,11
DA:47,11
DA:48,11
DA:49,11
DA:50,11
DA:51,11
DA:52,11
DA:53,11
DA:55,11
DA:56,11
DA:57,11
DA:61,4
DA:62,4
DA:63,4
DA:71,1
DA:72,1
DA:73,1
DA:74,1
DA:77,1
DA:78,1
DA:79,1
DA:80,1
DA:83,1
DA:84,1
DA:85,1
DA:86,1
DA:89,1
DA:90,1
DA:91,1
DA:92,1
DA:95,1
DA:96,1
DA:97,1
DA:98,1
DA:101,1
DA:102,1
DA:103,1
DA:104,1
BRF:0
BRH:0
LF:54
LH:54
end_of_record
SF:/home/quinten/Documents/Software_Development/muster/src/ui/components/status_bar.rs
FN:53,_RNvMNtNtNtCs3bOdyUEi4qt_6muster2ui10components10status_barNtB2_6Widget12to_paragraph
FN:29,_RNvMNtNtNtCs3bOdyUEi4qt_6muster2ui10components10status_barNtB2_6Widget6normal
FN:37,_RINvMNtNtNtCs3bOdyUEi4qt_6muster2ui10components10status_barNtB3_6Widget5errorpEB9_
FN:45,_RINvMNtNtNtCs3bOdyUEi4qt_6muster2ui10components10status_barNtB3_6Widget6statuspEB9_
FN:37,_RINvMNtNtNtCs3bOdyUEi4qt_6muster2ui10components10status_barNtB3_6Widget5errorRNtNtCs456UZznmu7y_5alloc6string6StringECsiCVeir77c0w_18integration_render
FN:37,_RINvMNtNtNtCs3bOdyUEi4qt_6muster2ui10components10status_barNtB3_6Widget5errorReECsiCVeir77c0w_18integration_render
FN:45,_RINvMNtNtNtCs3bOdyUEi4qt_6muster2ui10components10status_barNtB3_6Widget6statusReECsiCVeir77c0w_18integration_render
FN:37,_RINvMNtNtNtCs5Hx9zLFZsDi_6muster2ui10components10status_barNtB3_6Widget5errorReEB9_
FN:45,_RINvMNtNtNtCs5Hx9zLFZsDi_6muster2ui10components10status_barNtB3_6Widget6statusReEB9_
FN:53,_RNvMNtNtNtCs5Hx9zLFZsDi_6muster2ui10components10status_barNtB2_6Widget12to_paragraph
FN:29,_RNvMNtNtNtCs5Hx9zLFZsDi_6muster2ui10components10status_barNtB2_6Widget6normal
FN:107,_RNvNtNtNtNtCs5Hx9zLFZsDi_6muster2ui10components10status_bar5testss_17test_to_paragraph
FN:87,_RNvNtNtNtNtCs5Hx9zLFZsDi_6muster2ui10components10status_bar5testss_21test_status_bar_error
FN:77,_RNvNtNtNtNtCs5Hx9zLFZsDi_6muster2ui10components10status_bar5testss_22test_status_bar_normal
FN:97,_RNvNtNtNtNtCs5Hx9zLFZsDi_6muster2ui10components10status_bar5testss_22test_status_bar_status
FN:113,_RNvNtNtNtNtCs5Hx9zLFZsDi_6muster2ui10components10status_bar5testss_23test_to_paragraph_error
FN:119,_RNvNtNtNtNtCs5Hx9zLFZsDi_6muster2ui10components10status_bar5testss_24test_to_paragraph_status
FNDA:13,_RNvMNtNtNtCs3bOdyUEi4qt_6muster2ui10components10status_barNtB2_6Widget12to_paragraph
FNDA:7,_RNvMNtNtNtCs3bOdyUEi4qt_6muster2ui10components10status_barNtB2_6Widget6normal
FNDA:0,_RINvMNtNtNtCs3bOdyUEi4qt_6muster2ui10components10status_barNtB3_6Widget5errorpEB9_
FNDA:0,_RINvMNtNtNtCs3bOdyUEi4qt_6muster2ui10components10status_barNtB3_6Widget6statuspEB9_
FNDA:1,_RINvMNtNtNtCs3bOdyUEi4qt_6muster2ui10components10status_barNtB3_6Widget5errorRNtNtCs456UZznmu7y_5alloc6string6StringECsiCVeir77c0w_18integration_render
FNDA:1,_RINvMNtNtNtCs3bOdyUEi4qt_6muster2ui10components10status_barNtB3_6Widget5errorReECsiCVeir77c0w_18integration_render
FNDA:4,_RINvMNtNtNtCs3bOdyUEi4qt_6muster2ui10components10status_barNtB3_6Widget6statusReECsiCVeir77c0w_18integration_render
FNDA:2,_RINvMNtNtNtCs5Hx9zLFZsDi_6muster2ui10components10status_barNtB3_6Widget5errorReEB9_
FNDA:2,_RINvMNtNtNtCs5Hx9zLFZsDi_6muster2ui10components10status_barNtB3_6Widget6statusReEB9_
FNDA:3,_RNvMNtNtNtCs5Hx9zLFZsDi_6muster2ui10components10status_barNtB2_6Widget12to_paragraph
FNDA:2,_RNvMNtNtNtCs5Hx9zLFZsDi_6muster2ui10components10status_barNtB2_6Widget6normal
FNDA:1,_RNvNtNtNtNtCs5Hx9zLFZsDi_6muster2ui10components10status_bar5testss_17test_to_paragraph
FNDA:1,_RNvNtNtNtNtCs5Hx9zLFZsDi_6muster2ui10components10status_bar5testss_21test_status_bar_error
FNDA:1,_RNvNtNtNtNtCs5Hx9zLFZsDi_6muster2ui10components10status_bar5testss_22test_status_bar_normal
FNDA:1,_RNvNtNtNtNtCs5Hx9zLFZsDi_6muster2ui10components10status_bar5testss_22test_status_bar_status
FNDA:1,_RNvNtNtNtNtCs5Hx9zLFZsDi_6muster2ui10components10status_bar5testss_23test_to_paragraph_error
FNDA:1,_RNvNtNtNtNtCs5Hx9zLFZsDi_6muster2ui10components10status_bar5testss_24test_to_paragraph_status
FNF:10
FNH:10
DA:29,9
DA:30,9
DA:31,9
DA:32,9
DA:33,9
DA:37,4
DA:38,4
DA:39,4
DA:40,4
DA:41,4
DA:45,6
DA:46,6
DA:47,6
DA:48,6
DA:49,6
DA:53,16
DA:54,16
DA:55,3
DA:56,3
DA:57,3
DA:59,5
DA:60,5
DA:62,8
DA:63,8
DA:64,8
DA:68,16
DA:69,16
DA:77,1
DA:78,1
DA:79,1
DA:80,1
DA:81,0
DA:83,1
DA:84,1
DA:87,1
DA:88,1
DA:89,1
DA:90,1
DA:91,0
DA:93,1
DA:94,1
DA:97,1
DA:98,1
DA:99,1
DA:100,1
DA:101,0
DA:103,1
DA:104,1
DA:107,1
DA:108,1
DA:109,1
DA:110,1
DA:113,1
DA:114,1
DA:115,1
DA:116,1
DA:119,1
DA:120,1
DA:121,1
DA:122,1
BRF:0
BRH:0
LF:60
LH:57
end_of_record